Log file open, 08/24/18 02:06:43
LogWindows: Failed to load 'aqProf.dll' (GetLastError=126)
LogWindows: File 'aqProf.dll' does not exist
LogWindows: Failed to load 'VSPerf140.dll' (GetLastError=126)
LogWindows: File 'VSPerf140.dll' does not exist
LogWindows: Failed to load 'VtuneApi.dll' (GetLastError=126)
LogWindows: File 'VtuneApi.dll' does not exist
LogWindows: Failed to load 'VtuneApi32e.dll' (GetLastError=126)
LogWindows: File 'VtuneApi32e.dll' does not exist
LogInit: Display: Running engine for game: PainTrain
LogPlatformFile: Not using cached read wrapper
LogInit: Display: RandInit(2054474461) SRandInit(2054474461).
LogTaskGraph: Started task graph with 5 named threads and 14 total threads with 3 sets of task threads.
LogStats: Stats thread started at 2.120231
LogD3D11RHI: Aftermath initialized
LogPluginManager: Mounting plugin Paper2D
LogPluginManager: Mounting plugin LightPropagationVolume
LogPluginManager: Mounting plugin CodeLiteSourceCodeAccess
LogPluginManager: Mounting plugin GitSourceControl
LogPluginManager: Mounting plugin KDevelopSourceCodeAccess
LogPluginManager: Mounting plugin NullSourceCodeAccess
LogPluginManager: Mounting plugin PerforceSourceControl
LogPluginManager: Mounting plugin SubversionSourceControl
LogPluginManager: Mounting plugin UObjectPlugin
LogPluginManager: Mounting plugin VisualStudioSourceCodeAccess
LogPluginManager: Mounting plugin XCodeSourceCodeAccess
LogPluginManager: Mounting plugin AssetManagerEditor
LogPluginManager: Mounting plugin AudioCapture
LogPluginManager: Mounting plugin FacialAnimation
LogPluginManager: Mounting plugin GameplayTagsEditor
LogPluginManager: Mounting plugin MobileLauncherProfileWizard
LogPluginManager: Mounting plugin PluginBrowser
LogPluginManager: Mounting plugin SpeedTreeImporter
LogPluginManager: Mounting plugin AlembicImporter
LogPluginManager: Mounting plugin CharacterAI
LogPluginManager: Mounting plugin HTML5Networking
LogPluginManager: Mounting plugin AndroidMedia
LogPluginManager: Mounting plugin AvfMedia
LogPluginManager: Mounting plugin MediaPlayerEditor
LogPluginManager: Mounting plugin WmfMedia
LogPluginManager: Mounting plugin TcpMessaging
LogPluginManager: Mounting plugin UdpMessaging
LogPluginManager: Mounting plugin LevelSequenceEditor
LogPluginManager: Mounting plugin MatineeToLevelSequence
LogPluginManager: Mounting plugin OnlineSubsystemGooglePlay
LogPluginManager: Mounting plugin OnlineSubsystemIOS
LogPluginManager: Mounting plugin OnlineSubsystem
LogPluginManager: Mounting plugin OnlineSubsystemNull
LogPluginManager: Mounting plugin OnlineSubsystemUtils
LogPluginManager: Mounting plugin AndroidDeviceProfileSelector
LogPluginManager: Mounting plugin AndroidMoviePlayer
LogPluginManager: Mounting plugin AndroidPermission
LogPluginManager: Mounting plugin AppleMoviePlayer
LogPluginManager: Mounting plugin ArchVisCharacter
LogPluginManager: Mounting plugin CableComponent
LogPluginManager: Mounting plugin CustomMeshComponent
LogPluginManager: Mounting plugin ExampleDeviceProfileSelector
LogPluginManager: Mounting plugin GoogleCloudMessaging
LogPluginManager: Mounting plugin ImmediatePhysics
LogPluginManager: Mounting plugin IOSDeviceProfileSelector
LogPluginManager: Mounting plugin LinuxDeviceProfileSelector
LogPluginManager: Mounting plugin LocationServicesBPLibrary
LogPluginManager: Mounting plugin MobilePatchingUtils
LogPluginManager: Mounting plugin OculusVR
LogPluginManager: Mounting plugin PhysXVehicles
LogPluginManager: Mounting plugin ProceduralMeshComponent
LogPluginManager: Mounting plugin RuntimePhysXCooking
LogPluginManager: Mounting plugin SteamVR
LogPluginManager: Mounting plugin WindowsMoviePlayer
LogInit: Using libcurl 7.47.1
LogInit:  - built for x86_64-pc-win32
LogInit:  - supports SSL with OpenSSL/1.0.2g
LogInit:  - supports HTTP deflate (compression) using libz 1.2.8
LogInit:  - other features:
LogInit:      CURL_VERSION_SSL
LogInit:      CURL_VERSION_LIBZ
LogInit:      CURL_VERSION_IPV6
LogInit:      CURL_VERSION_ASYNCHDNS
LogInit:      CURL_VERSION_LARGEFILE
LogInit:      CURL_VERSION_IDN
LogInit:  CurlRequestOptions (configurable via config and command line):
LogInit:  - bVerifyPeer = false  - Libcurl will NOT verify peer certificate
LogInit:  - bUseHttpProxy = false  - Libcurl will NOT use HTTP proxy
LogInit:  - bDontReuseConnections = false  - Libcurl will reuse connections
LogInit:  - CertBundlePath = nullptr  - Libcurl will use whatever was configured at build time.
LogInit: Build: ++UE4+Release-4.17-CL-3658906
LogInit: Engine Version: 4.17.2-3658906+++UE4+Release-4.17
LogInit: Compatible Engine Version: 4.17.0-3573198+++UE4+Release-4.17
LogInit: Net CL: 3573198
LogDevObjectVersion: Number of dev versions registered: 16
LogDevObjectVersion:   Dev-Blueprints (B0D832E4-1F89-4F0D-ACCF-7EB736FD4AA2): 10
LogDevObjectVersion:   Dev-Build (E1C64328-A22C-4D53-A36C-8E866417BD8C): 0
LogDevObjectVersion:   Dev-Core (375EC13C-06E4-48FB-B500-84F0262A717E): 2
LogDevObjectVersion:   Dev-Editor (E4B068ED-F494-42E9-A231-DA0B2E46BB41): 20
LogDevObjectVersion:   Dev-Framework (CFFC743F-43B0-4480-9391-14DF171D2073): 28
LogDevObjectVersion:   Dev-Mobile (B02B49B5-BB20-44E9-A304-32B752E40360): 0
LogDevObjectVersion:   Dev-Networking (A4E4105C-59A1-49B5-A7C5-40C4547EDFEE): 0
LogDevObjectVersion:   Dev-Online (39C831C9-5AE6-47DC-9A44-9C173E1C8E7C): 0
LogDevObjectVersion:   Dev-Physics (78F01B33-EBEA-4F98-B9B4-84EACCB95AA2): 0
LogDevObjectVersion:   Dev-Platform (6631380F-2D4D-43E0-8009-CF276956A95A): 0
LogDevObjectVersion:   Dev-Rendering (12F88B9F-8875-4AFC-A67C-D90C383ABD29): 19
LogDevObjectVersion:   Dev-Sequencer (7B5AE74C-D270-4C10-A958-57980B212A5A): 4
LogDevObjectVersion:   Dev-VR (D7296918-1DD6-4BDD-9DE2-64A83CC13884): 0
LogDevObjectVersion:   Dev-LoadTimes (C2A15278-BFE7-4AFE-6C17-90FF531DF755): 1
LogDevObjectVersion:   Private-Geometry (6EACA3D4-40EC-4CC1-B786-8BED09428FC5): 1
LogDevObjectVersion:   Dev-AnimPhys (29E575DD-E0A3-4627-9D10-D276232CDCEA): 7
LogInit: Compiled (64-bit): Sep 22 2017 13:47:16
LogInit: Compiled with Visual C++: 19.00.24215.01
LogInit: Build Configuration: Development
LogInit: Branch Name: ++UE4+Release-4.17
LogInit: Command line:  -skipcompile
LogInit: Base directory: E:/dev/Epic Games/UE_4.17/Engine/Binaries/Win64/
LogInit: Installed Engine Build: 1
LogInit: Presizing for max 8388607 objects, including 0 objects not considered by GC, pre-allocating 0 bytes for permanent pool.
LogInit: Object subsystem initialized
[2018.08.23-20.06.47:552][  0]LogInit: Selected Device Profile: [Windows]
[2018.08.23-20.06.47:552][  0]LogInit: Applying CVar settings loaded from the selected device profile: [Windows]
[2018.08.23-20.06.47:600][  0]LogInit: Computer: PC
[2018.08.23-20.06.47:606][  0]LogInit: User: user
[2018.08.23-20.06.47:614][  0]LogInit: CPU Page size=4096, Cores=4
[2018.08.23-20.06.47:616][  0]LogInit: High frequency timer resolution =2.242019 MHz
[2018.08.23-20.06.47:621][  0]LogMemory: Memory total: Physical=7.5GB (8GB approx)
[2018.08.23-20.06.47:623][  0]LogMemory: Platform Memory Stats for Windows
[2018.08.23-20.06.47:623][  0]LogMemory: Process Physical Memory: 277.14 MB used, 277.14 MB peak
[2018.08.23-20.06.47:625][  0]LogMemory: Process Virtual Memory: 282.22 MB used, 282.22 MB peak
[2018.08.23-20.06.47:627][  0]LogMemory: Physical Memory: 6528.27 MB used,  1113.27 MB free, 7641.54 MB total
[2018.08.23-20.06.47:629][  0]LogMemory: Virtual Memory: 658.53 MB used,  1113.27 MB free, 134217728.00 MB total
[2018.08.23-20.06.48:353][  0]LogInit: Using OS detected language (ru-RU).
[2018.08.23-20.06.48:353][  0]LogInit: Using OS detected locale (ru-RU).
[2018.08.23-20.06.48:969][  0]LogTextLocalizationManager: No localization for 'ru-RU' exists, so 'en' will be used for the language.
[2018.08.23-20.06.48:970][  0]LogTextLocalizationManager: No localization for 'ru-RU' exists, so 'en' will be used for the locale.
[2018.08.23-20.07.07:402][  0]LogD3D11RHI: D3D11 adapters:
[2018.08.23-20.07.07:482][  0]LogD3D11RHI:    0. 'AMD Radeon HD 7660G N HD 7660G + HD 7670M Dual Graphics' (Feature Level 11_0)
[2018.08.23-20.07.07:482][  0]LogD3D11RHI:       1482/0/3584 MB DedicatedVideo/DedicatedSystem/SharedSystem, Outputs:1, VendorId:0x1002
[2018.08.23-20.07.07:937][  0]LogD3D11RHI:    1. 'Microsoft Basic Render Driver' (Feature Level 11_0)
[2018.08.23-20.07.07:938][  0]LogD3D11RHI:       0/0/256 MB DedicatedVideo/DedicatedSystem/SharedSystem, Outputs:0, VendorId:0x1414
[2018.08.23-20.07.07:938][  0]LogD3D11RHI: Chosen D3D11 Adapter: 0
[2018.08.23-20.07.07:954][  0]LogD3D11RHI: Creating new Direct3DDevice
[2018.08.23-20.07.07:955][  0]LogD3D11RHI:     GPU DeviceId: 0x9900 (for the marketing name, search the web for "GPU Device Id")
[2018.08.23-20.07.07:956][  0]LogWindows: EnumDisplayDevices:
[2018.08.23-20.07.07:957][  0]LogWindows:    0. 'AMD Radeon HD 7660G N HD 7660G + HD 7670M Dual Graphics' (P:1 D:1)
[2018.08.23-20.07.07:960][  0]LogWindows:    1. 'AMD Radeon HD 7660G N HD 7660G + HD 7670M Dual Graphics' (P:0 D:0)
[2018.08.23-20.07.07:961][  0]LogWindows:    2. 'AMD Radeon HD 7660G N HD 7660G + HD 7670M Dual Graphics' (P:0 D:0)
[2018.08.23-20.07.07:964][  0]LogWindows:    3. 'AMD Radeon HD 7660G N HD 7660G + HD 7670M Dual Graphics' (P:0 D:0)
[2018.08.23-20.07.07:965][  0]LogWindows: DebugString: PrimaryIsNotTheChoosenAdapter PrimaryIsNotTheChoosenAdapter PrimaryIsNotTheChoosenAdapter PrimaryIsNotTheChoosenAdapter FoundDriverCount:0 
[2018.08.23-20.07.07:966][  0]LogD3D11RHI:     Adapter Name: AMD Radeon HD 7660G N HD 7660G + HD 7670M Dual Graphics
[2018.08.23-20.07.07:968][  0]LogD3D11RHI:   Driver Version: Unknown (internal:Unknown, unified:Unknown)
[2018.08.23-20.07.07:970][  0]LogD3D11RHI:      Driver Date: Unknown
[2018.08.23-20.07.07:971][  0]LogRHI: Texture pool is 1037 MB (70% of 1482 MB)
[2018.08.23-20.07.08:020][  0]LogD3D11RHI: Async texture creation enabled
[2018.08.23-20.07.08:038][  0]LogD3D11RHI: GPU Timing Frequency: 50.000000 (Debug: 2 1)
[2018.08.23-20.07.08:040][  0]LogShaderCompilers: Guid format shader working directory is -25 characters bigger than the processId version (C:/Users/user/Dropbox/C/TrainOfRage/PainTrain/Intermediate/Shaders/WorkingDirectory/1836/).
[2018.08.23-20.07.08:040][  0]LogShaderCompilers: Cleaned the shader compiler working directory 'C:/Temp/UnrealShaderWorkingDir/298DFAEB4484B5A87CF311A6DAE2252F/'.
[2018.08.23-20.07.08:040][  0]LogShaderCompilers: Display: Using Local Shader Compiler.
[2018.08.23-20.07.15:409][  0]LogTemp: Display: Loaded TP AllDesktopTargetPlatform
[2018.08.23-20.07.15:525][  0]LogTemp: Display: Loaded TP MacClientTargetPlatform
[2018.08.23-20.07.15:683][  0]LogTemp: Display: Loaded TP MacNoEditorTargetPlatform
[2018.08.23-20.07.15:822][  0]LogTemp: Display: Loaded TP MacServerTargetPlatform
[2018.08.23-20.07.15:995][  0]LogTemp: Display: Loaded TP MacTargetPlatform
[2018.08.23-20.07.16:164][  0]LogTemp: Display: Loaded TP WindowsClientTargetPlatform
[2018.08.23-20.07.16:300][  0]LogTemp: Display: Loaded TP WindowsNoEditorTargetPlatform
[2018.08.23-20.07.16:435][  0]LogTemp: Display: Loaded TP WindowsServerTargetPlatform
[2018.08.23-20.07.16:546][  0]LogTemp: Display: Loaded TP WindowsTargetPlatform
[2018.08.23-20.07.16:731][  0]LogTemp: Display: Loaded TP AndroidTargetPlatform
[2018.08.23-20.07.16:865][  0]LogTemp: Display: Loaded TP Android_ASTCTargetPlatform
[2018.08.23-20.07.17:029][  0]LogTemp: Display: Loaded TP Android_ATCTargetPlatform
[2018.08.23-20.07.17:183][  0]LogTemp: Display: Loaded TP Android_DXTTargetPlatform
[2018.08.23-20.07.17:307][  0]LogTemp: Display: Loaded TP Android_ETC1TargetPlatform
[2018.08.23-20.07.17:419][  0]LogTemp: Display: Loaded TP Android_ETC2TargetPlatform
[2018.08.23-20.07.17:648][  0]LogTemp: Display: Loaded TP Android_MultiTargetPlatform
[2018.08.23-20.07.17:648][  0]LogTemp: Display: Loaded TP Android_PVRTCTargetPlatform
[2018.08.23-20.07.17:736][  0]LogTemp: Display: Loaded TP HTML5TargetPlatform
[2018.08.23-20.07.18:005][  0]LogTemp: Display: Loaded TP IOSTargetPlatform
[2018.08.23-20.07.18:098][  0]LogTemp: Display: Loaded TP TVOSTargetPlatform
[2018.08.23-20.07.18:270][  0]LogTemp: Display: Loaded TP LinuxClientTargetPlatform
[2018.08.23-20.07.18:387][  0]LogTemp: Display: Loaded TP LinuxNoEditorTargetPlatform
[2018.08.23-20.07.18:504][  0]LogTemp: Display: Loaded TP LinuxServerTargetPlatform
[2018.08.23-20.07.18:702][  0]LogTemp: Display: Loaded TP LinuxTargetPlatform
[2018.08.23-20.07.18:702][  0]LogTargetPlatformManager: Display: Building Assets For Windows
[2018.08.23-20.07.21:716][  0]LogDerivedDataCache: Display: Max Cache Size: 512 MB
[2018.08.23-20.07.28:257][  0]LogDerivedDataCache: Loaded boot cache 6.54s 93MB C:/Users/user/AppData/Local/UnrealEngine/4.17/DerivedDataCache/Boot.ddc.
[2018.08.23-20.07.28:258][  0]LogDerivedDataCache: Display: Loaded Boot cache: C:/Users/user/AppData/Local/UnrealEngine/4.17/DerivedDataCache/Boot.ddc
[2018.08.23-20.07.28:258][  0]LogDerivedDataCache: FDerivedDataBackendGraph:  Pak pak cache file C:/Users/user/Dropbox/C/TrainOfRage/PainTrain/DerivedDataCache/DDC.ddp not found, will not use a pak cache.
[2018.08.23-20.07.28:258][  0]LogDerivedDataCache: Unable to find inner node Pak for hierarchical cache Hierarchy.
[2018.08.23-20.07.28:258][  0]LogDerivedDataCache: FDerivedDataBackendGraph:  CompressedPak pak cache file C:/Users/user/Dropbox/C/TrainOfRage/PainTrain/DerivedDataCache/Compressed.ddp not found, will not use a pak cache.
[2018.08.23-20.07.28:258][  0]LogDerivedDataCache: Unable to find inner node CompressedPak for hierarchical cache Hierarchy.
[2018.08.23-20.07.28:294][  0]LogDerivedDataCache: Display: Pak cache opened for reading ../../../Engine/DerivedDataCache/Compressed.ddp.
[2018.08.23-20.07.28:311][  0]LogDerivedDataCache: Using Local data cache path C:/Users/user/AppData/Local/UnrealEngine/Common/DerivedDataCache: Writable
[2018.08.23-20.07.28:338][  0]LogMaterial: Verifying Global Shaders for PCD3D_SM5
[2018.08.23-20.07.28:339][  0]LogSlate: Using Freetype 2.6.0
[2018.08.23-20.07.28:381][  0]LogSlate: SlateFontCache - WITH_FREETYPE: 1, WITH_HARFBUZZ: 1
[2018.08.23-20.07.28:381][  0]LogSlate: SlateFontCache - WITH_FREETYPE: 1, WITH_HARFBUZZ: 1
[2018.08.23-20.07.35:550][  0]LogAssetRegistry: FAssetRegistry took 0.0373 seconds to start up
[2018.08.23-20.07.35:832][  0]LogInit: Selected Device Profile: [Windows]
[2018.08.23-20.07.37:187][  0]LogContentStreaming: Texture pool size is 0.00 MB
