Log file open, 08/24/18 01:55:30
LogWindows: Failed to load 'aqProf.dll' (GetLastError=126)
LogWindows: File 'aqProf.dll' does not exist
LogWindows: Failed to load 'VSPerf140.dll' (GetLastError=126)
LogWindows: File 'VSPerf140.dll' does not exist
LogWindows: Failed to load 'VtuneApi.dll' (GetLastError=126)
LogWindows: File 'VtuneApi.dll' does not exist
LogWindows: Failed to load 'VtuneApi32e.dll' (GetLastError=126)
LogWindows: File 'VtuneApi32e.dll' does not exist
LogInit: Display: Running engine for game: PainTrain
LogPlatformFile: Not using cached read wrapper
LogInit: Display: RandInit(527236845) SRandInit(527236845).
LogTaskGraph: Started task graph with 5 named threads and 14 total threads with 3 sets of task threads.
LogStats: Stats thread started at 0.864612
LogD3D11RHI: Aftermath initialized
LogPluginManager: Mounting plugin Paper2D
LogPluginManager: Mounting plugin LightPropagationVolume
LogPluginManager: Mounting plugin CodeLiteSourceCodeAccess
LogPluginManager: Mounting plugin GitSourceControl
LogPluginManager: Mounting plugin KDevelopSourceCodeAccess
LogPluginManager: Mounting plugin NullSourceCodeAccess
LogPluginManager: Mounting plugin PerforceSourceControl
LogPluginManager: Mounting plugin SubversionSourceControl
LogPluginManager: Mounting plugin UObjectPlugin
LogPluginManager: Mounting plugin VisualStudioSourceCodeAccess
LogPluginManager: Mounting plugin XCodeSourceCodeAccess
LogPluginManager: Mounting plugin AssetManagerEditor
LogPluginManager: Mounting plugin AudioCapture
LogPluginManager: Mounting plugin FacialAnimation
LogPluginManager: Mounting plugin GameplayTagsEditor
LogPluginManager: Mounting plugin MobileLauncherProfileWizard
LogPluginManager: Mounting plugin PluginBrowser
LogPluginManager: Mounting plugin SpeedTreeImporter
LogPluginManager: Mounting plugin AlembicImporter
LogPluginManager: Mounting plugin CharacterAI
LogPluginManager: Mounting plugin HTML5Networking
LogPluginManager: Mounting plugin AndroidMedia
LogPluginManager: Mounting plugin AvfMedia
LogPluginManager: Mounting plugin MediaPlayerEditor
LogPluginManager: Mounting plugin WmfMedia
LogPluginManager: Mounting plugin TcpMessaging
LogPluginManager: Mounting plugin UdpMessaging
LogPluginManager: Mounting plugin LevelSequenceEditor
LogPluginManager: Mounting plugin MatineeToLevelSequence
LogPluginManager: Mounting plugin OnlineSubsystemGooglePlay
LogPluginManager: Mounting plugin OnlineSubsystemIOS
LogPluginManager: Mounting plugin OnlineSubsystem
LogPluginManager: Mounting plugin OnlineSubsystemNull
LogPluginManager: Mounting plugin OnlineSubsystemUtils
LogPluginManager: Mounting plugin AndroidDeviceProfileSelector
LogPluginManager: Mounting plugin AndroidMoviePlayer
LogPluginManager: Mounting plugin AndroidPermission
LogPluginManager: Mounting plugin AppleMoviePlayer
LogPluginManager: Mounting plugin ArchVisCharacter
LogPluginManager: Mounting plugin CableComponent
LogPluginManager: Mounting plugin CustomMeshComponent
LogPluginManager: Mounting plugin ExampleDeviceProfileSelector
LogPluginManager: Mounting plugin GoogleCloudMessaging
LogPluginManager: Mounting plugin ImmediatePhysics
LogPluginManager: Mounting plugin IOSDeviceProfileSelector
LogPluginManager: Mounting plugin LinuxDeviceProfileSelector
LogPluginManager: Mounting plugin LocationServicesBPLibrary
LogPluginManager: Mounting plugin MobilePatchingUtils
LogPluginManager: Mounting plugin OculusVR
LogPluginManager: Mounting plugin PhysXVehicles
LogPluginManager: Mounting plugin ProceduralMeshComponent
LogPluginManager: Mounting plugin RuntimePhysXCooking
LogPluginManager: Mounting plugin SteamVR
LogPluginManager: Mounting plugin WindowsMoviePlayer
LogInit: Using libcurl 7.47.1
LogInit:  - built for x86_64-pc-win32
LogInit:  - supports SSL with OpenSSL/1.0.2g
LogInit:  - supports HTTP deflate (compression) using libz 1.2.8
LogInit:  - other features:
LogInit:      CURL_VERSION_SSL
LogInit:      CURL_VERSION_LIBZ
LogInit:      CURL_VERSION_IPV6
LogInit:      CURL_VERSION_ASYNCHDNS
LogInit:      CURL_VERSION_LARGEFILE
LogInit:      CURL_VERSION_IDN
LogInit:  CurlRequestOptions (configurable via config and command line):
LogInit:  - bVerifyPeer = false  - Libcurl will NOT verify peer certificate
LogInit:  - bUseHttpProxy = false  - Libcurl will NOT use HTTP proxy
LogInit:  - bDontReuseConnections = false  - Libcurl will reuse connections
LogInit:  - CertBundlePath = nullptr  - Libcurl will use whatever was configured at build time.
LogInit: Build: ++UE4+Release-4.17-CL-3658906
LogInit: Engine Version: 4.17.2-3658906+++UE4+Release-4.17
LogInit: Compatible Engine Version: 4.17.0-3573198+++UE4+Release-4.17
LogInit: Net CL: 3573198
LogDevObjectVersion: Number of dev versions registered: 16
LogDevObjectVersion:   Dev-Blueprints (B0D832E4-1F89-4F0D-ACCF-7EB736FD4AA2): 10
LogDevObjectVersion:   Dev-Build (E1C64328-A22C-4D53-A36C-8E866417BD8C): 0
LogDevObjectVersion:   Dev-Core (375EC13C-06E4-48FB-B500-84F0262A717E): 2
LogDevObjectVersion:   Dev-Editor (E4B068ED-F494-42E9-A231-DA0B2E46BB41): 20
LogDevObjectVersion:   Dev-Framework (CFFC743F-43B0-4480-9391-14DF171D2073): 28
LogDevObjectVersion:   Dev-Mobile (B02B49B5-BB20-44E9-A304-32B752E40360): 0
LogDevObjectVersion:   Dev-Networking (A4E4105C-59A1-49B5-A7C5-40C4547EDFEE): 0
LogDevObjectVersion:   Dev-Online (39C831C9-5AE6-47DC-9A44-9C173E1C8E7C): 0
LogDevObjectVersion:   Dev-Physics (78F01B33-EBEA-4F98-B9B4-84EACCB95AA2): 0
LogDevObjectVersion:   Dev-Platform (6631380F-2D4D-43E0-8009-CF276956A95A): 0
LogDevObjectVersion:   Dev-Rendering (12F88B9F-8875-4AFC-A67C-D90C383ABD29): 19
LogDevObjectVersion:   Dev-Sequencer (7B5AE74C-D270-4C10-A958-57980B212A5A): 4
LogDevObjectVersion:   Dev-VR (D7296918-1DD6-4BDD-9DE2-64A83CC13884): 0
LogDevObjectVersion:   Dev-LoadTimes (C2A15278-BFE7-4AFE-6C17-90FF531DF755): 1
LogDevObjectVersion:   Private-Geometry (6EACA3D4-40EC-4CC1-B786-8BED09428FC5): 1
LogDevObjectVersion:   Dev-AnimPhys (29E575DD-E0A3-4627-9D10-D276232CDCEA): 7
LogInit: Compiled (64-bit): Sep 22 2017 13:47:16
LogInit: Compiled with Visual C++: 19.00.24215.01
LogInit: Build Configuration: Development
LogInit: Branch Name: ++UE4+Release-4.17
LogInit: Command line:  
LogInit: Base directory: E:/dev/Epic Games/UE_4.17/Engine/Binaries/Win64/
LogInit: Installed Engine Build: 1
LogInit: Presizing for max 8388607 objects, including 0 objects not considered by GC, pre-allocating 0 bytes for permanent pool.
LogInit: Object subsystem initialized
[2018.08.23-19.55.33:755][  0]LogInit: Selected Device Profile: [Windows]
[2018.08.23-19.55.33:755][  0]LogInit: Applying CVar settings loaded from the selected device profile: [Windows]
[2018.08.23-19.55.33:813][  0]LogInit: Computer: PC
[2018.08.23-19.55.33:813][  0]LogInit: User: user
[2018.08.23-19.55.33:813][  0]LogInit: CPU Page size=4096, Cores=4
[2018.08.23-19.55.33:813][  0]LogInit: High frequency timer resolution =2.242019 MHz
[2018.08.23-19.55.33:813][  0]LogMemory: Memory total: Physical=7.5GB (8GB approx)
[2018.08.23-19.55.33:813][  0]LogMemory: Platform Memory Stats for Windows
[2018.08.23-19.55.33:813][  0]LogMemory: Process Physical Memory: 276.45 MB used, 276.45 MB peak
[2018.08.23-19.55.33:813][  0]LogMemory: Process Virtual Memory: 282.18 MB used, 282.18 MB peak
[2018.08.23-19.55.33:813][  0]LogMemory: Physical Memory: 5203.51 MB used,  2438.03 MB free, 7641.54 MB total
[2018.08.23-19.55.33:813][  0]LogMemory: Virtual Memory: 658.53 MB used,  2438.03 MB free, 134217728.00 MB total
[2018.08.23-19.55.34:963][  0]LogInit: Using OS detected language (ru-RU).
[2018.08.23-19.55.34:963][  0]LogInit: Using OS detected locale (ru-RU).
[2018.08.23-19.55.35:296][  0]LogTextLocalizationManager: No localization for 'ru-RU' exists, so 'en' will be used for the language.
[2018.08.23-19.55.35:297][  0]LogTextLocalizationManager: No localization for 'ru-RU' exists, so 'en' will be used for the locale.
[2018.08.23-19.55.47:782][  0]LogD3D11RHI: D3D11 adapters:
[2018.08.23-19.55.47:880][  0]LogD3D11RHI:    0. 'AMD Radeon HD 7660G N HD 7660G + HD 7670M Dual Graphics' (Feature Level 11_0)
[2018.08.23-19.55.47:880][  0]LogD3D11RHI:       1482/0/3584 MB DedicatedVideo/DedicatedSystem/SharedSystem, Outputs:1, VendorId:0x1002
[2018.08.23-19.55.47:910][  0]LogD3D11RHI:    1. 'Microsoft Basic Render Driver' (Feature Level 11_0)
[2018.08.23-19.55.47:910][  0]LogD3D11RHI:       0/0/256 MB DedicatedVideo/DedicatedSystem/SharedSystem, Outputs:0, VendorId:0x1414
[2018.08.23-19.55.47:910][  0]LogD3D11RHI: Chosen D3D11 Adapter: 0
[2018.08.23-19.55.47:920][  0]LogD3D11RHI: Creating new Direct3DDevice
[2018.08.23-19.55.47:920][  0]LogD3D11RHI:     GPU DeviceId: 0x9900 (for the marketing name, search the web for "GPU Device Id")
[2018.08.23-19.55.47:920][  0]LogWindows: EnumDisplayDevices:
[2018.08.23-19.55.47:920][  0]LogWindows:    0. 'AMD Radeon HD 7660G N HD 7660G + HD 7670M Dual Graphics' (P:1 D:1)
[2018.08.23-19.55.47:920][  0]LogWindows:    1. 'AMD Radeon HD 7660G N HD 7660G + HD 7670M Dual Graphics' (P:0 D:0)
[2018.08.23-19.55.47:920][  0]LogWindows:    2. 'AMD Radeon HD 7660G N HD 7660G + HD 7670M Dual Graphics' (P:0 D:0)
[2018.08.23-19.55.47:921][  0]LogWindows:    3. 'AMD Radeon HD 7660G N HD 7660G + HD 7670M Dual Graphics' (P:0 D:0)
[2018.08.23-19.55.47:921][  0]LogWindows: DebugString: PrimaryIsNotTheChoosenAdapter PrimaryIsNotTheChoosenAdapter PrimaryIsNotTheChoosenAdapter PrimaryIsNotTheChoosenAdapter FoundDriverCount:0 
[2018.08.23-19.55.47:921][  0]LogD3D11RHI:     Adapter Name: AMD Radeon HD 7660G N HD 7660G + HD 7670M Dual Graphics
[2018.08.23-19.55.47:921][  0]LogD3D11RHI:   Driver Version: Unknown (internal:Unknown, unified:Unknown)
[2018.08.23-19.55.47:921][  0]LogD3D11RHI:      Driver Date: Unknown
[2018.08.23-19.55.47:921][  0]LogRHI: Texture pool is 1037 MB (70% of 1482 MB)
[2018.08.23-19.55.47:971][  0]LogD3D11RHI: Async texture creation enabled
[2018.08.23-19.55.47:998][  0]LogD3D11RHI: GPU Timing Frequency: 50.000000 (Debug: 2 1)
[2018.08.23-19.55.47:999][  0]LogShaderCompilers: Guid format shader working directory is -25 characters bigger than the processId version (C:/Users/user/Dropbox/C/TrainOfRage/PainTrain/Intermediate/Shaders/WorkingDirectory/2520/).
[2018.08.23-19.55.47:999][  0]LogShaderCompilers: Cleaned the shader compiler working directory 'C:/Temp/UnrealShaderWorkingDir/46C23FC245308D0278685AB8A34DF383/'.
[2018.08.23-19.55.47:999][  0]LogShaderCompilers: Display: Using Local Shader Compiler.
[2018.08.23-19.55.54:656][  0]LogTemp: Display: Loaded TP AllDesktopTargetPlatform
[2018.08.23-19.55.54:758][  0]LogTemp: Display: Loaded TP MacClientTargetPlatform
[2018.08.23-19.55.54:864][  0]LogTemp: Display: Loaded TP MacNoEditorTargetPlatform
[2018.08.23-19.55.54:967][  0]LogTemp: Display: Loaded TP MacServerTargetPlatform
[2018.08.23-19.55.55:095][  0]LogTemp: Display: Loaded TP MacTargetPlatform
[2018.08.23-19.55.55:194][  0]LogTemp: Display: Loaded TP WindowsClientTargetPlatform
[2018.08.23-19.55.55:293][  0]LogTemp: Display: Loaded TP WindowsNoEditorTargetPlatform
[2018.08.23-19.55.55:388][  0]LogTemp: Display: Loaded TP WindowsServerTargetPlatform
[2018.08.23-19.55.55:472][  0]LogTemp: Display: Loaded TP WindowsTargetPlatform
[2018.08.23-19.55.55:575][  0]LogTemp: Display: Loaded TP AndroidTargetPlatform
[2018.08.23-19.55.55:672][  0]LogTemp: Display: Loaded TP Android_ASTCTargetPlatform
[2018.08.23-19.55.55:771][  0]LogTemp: Display: Loaded TP Android_ATCTargetPlatform
[2018.08.23-19.55.55:866][  0]LogTemp: Display: Loaded TP Android_DXTTargetPlatform
[2018.08.23-19.55.55:956][  0]LogTemp: Display: Loaded TP Android_ETC1TargetPlatform
[2018.08.23-19.55.56:071][  0]LogTemp: Display: Loaded TP Android_ETC2TargetPlatform
[2018.08.23-19.55.56:269][  0]LogTemp: Display: Loaded TP Android_MultiTargetPlatform
[2018.08.23-19.55.56:269][  0]LogTemp: Display: Loaded TP Android_PVRTCTargetPlatform
[2018.08.23-19.55.56:359][  0]LogTemp: Display: Loaded TP HTML5TargetPlatform
[2018.08.23-19.55.56:595][  0]LogTemp: Display: Loaded TP IOSTargetPlatform
[2018.08.23-19.55.56:643][  0]LogTemp: Display: Loaded TP TVOSTargetPlatform
[2018.08.23-19.55.56:733][  0]LogTemp: Display: Loaded TP LinuxClientTargetPlatform
[2018.08.23-19.55.56:815][  0]LogTemp: Display: Loaded TP LinuxNoEditorTargetPlatform
[2018.08.23-19.55.56:920][  0]LogTemp: Display: Loaded TP LinuxServerTargetPlatform
[2018.08.23-19.55.57:041][  0]LogTemp: Display: Loaded TP LinuxTargetPlatform
[2018.08.23-19.55.57:041][  0]LogTargetPlatformManager: Display: Building Assets For Windows
[2018.08.23-19.55.58:850][  0]LogDerivedDataCache: Display: Max Cache Size: 512 MB
[2018.08.23-19.55.59:927][  0]LogDerivedDataCache: Loaded boot cache 1.08s 93MB C:/Users/user/AppData/Local/UnrealEngine/4.17/DerivedDataCache/Boot.ddc.
[2018.08.23-19.55.59:928][  0]LogDerivedDataCache: Display: Loaded Boot cache: C:/Users/user/AppData/Local/UnrealEngine/4.17/DerivedDataCache/Boot.ddc
[2018.08.23-19.55.59:928][  0]LogDerivedDataCache: FDerivedDataBackendGraph:  Pak pak cache file C:/Users/user/Dropbox/C/TrainOfRage/PainTrain/DerivedDataCache/DDC.ddp not found, will not use a pak cache.
[2018.08.23-19.55.59:928][  0]LogDerivedDataCache: Unable to find inner node Pak for hierarchical cache Hierarchy.
[2018.08.23-19.55.59:928][  0]LogDerivedDataCache: FDerivedDataBackendGraph:  CompressedPak pak cache file C:/Users/user/Dropbox/C/TrainOfRage/PainTrain/DerivedDataCache/Compressed.ddp not found, will not use a pak cache.
[2018.08.23-19.55.59:928][  0]LogDerivedDataCache: Unable to find inner node CompressedPak for hierarchical cache Hierarchy.
[2018.08.23-19.56.00:002][  0]LogDerivedDataCache: Display: Pak cache opened for reading ../../../Engine/DerivedDataCache/Compressed.ddp.
[2018.08.23-19.56.00:039][  0]LogDerivedDataCache: Using Local data cache path C:/Users/user/AppData/Local/UnrealEngine/Common/DerivedDataCache: Writable
[2018.08.23-19.56.00:061][  0]LogMaterial: Verifying Global Shaders for PCD3D_SM5
[2018.08.23-19.56.00:061][  0]LogSlate: Using Freetype 2.6.0
[2018.08.23-19.56.00:086][  0]LogSlate: SlateFontCache - WITH_FREETYPE: 1, WITH_HARFBUZZ: 1
[2018.08.23-19.56.00:086][  0]LogSlate: SlateFontCache - WITH_FREETYPE: 1, WITH_HARFBUZZ: 1
[2018.08.23-19.56.06:753][  0]LogAssetRegistry: FAssetRegistry took 0.0314 seconds to start up
[2018.08.23-19.56.07:024][  0]LogInit: Selected Device Profile: [Windows]
[2018.08.23-19.56.08:244][  0]LogContentStreaming: Texture pool size is 0.00 MB
[2018.08.23-19.56.09:153][  0]LogSimplygon: Simplygon DLL not present - disabling.
[2018.08.23-19.56.09:271][  0]LogMeshReduction: Using SimplygonSwarm for distributed automatic mesh merging
[2018.08.23-19.56.09:271][  0]LogMeshReduction: Using QuadricMeshReduction for automatic static mesh reduction
[2018.08.23-19.56.09:271][  0]LogMeshReduction: No automatic skeletal mesh reduction module available
[2018.08.23-19.56.09:271][  0]LogMeshReduction: No automatic mesh merging module available
[2018.08.23-19.56.09:271][  0]LogMeshMerging: No automatic mesh merging module available
[2018.08.23-19.56.10:260][  0]LogNetVersion: PainTrain , NetCL: 3573198, EngineNetVer: 2, GameNetVer: 0 (Checksum: 270877902)
[2018.08.23-19.56.10:749][  0]LogPackageLocalizationCache: Processed 5 localized package path(s) for 1 prioritized culture(s) in 0.049097 seconds
[2018.08.23-19.56.10:762][  0]LogUObjectArray: 35825 objects as part of root set at end of initial load.
[2018.08.23-19.56.10:763][  0]LogUObjectAllocator: 7529112 out of 0 bytes used by permanent object pool.
[2018.08.23-19.56.10:763][  0]LogUObjectArray: CloseDisregardForGC: 0/0 objects in disregard for GC pool
[2018.08.23-19.56.10:924][  0]LogInit: WinSock: version 1.1 (2.2), MaxSocks=32767, MaxUdp=65467
[2018.08.23-19.56.52:814][  0]LogTcpMessaging: Initializing TcpMessaging bridge
[2018.08.23-19.56.52:895][  0]LogUdpMessaging: Initializing bridge on interface 0.0.0.0:0 to multicast group 230.0.0.1:6666.
[2018.08.23-19.56.54:555][  0]LogMaterial: Uniform references updated for custom material expression Custom.
[2018.08.23-19.56.55:474][  0]SourceControl: Source control is disabled
[2018.08.23-19.56.55:474][  0]SourceControl: Source control is disabled
[2018.08.23-19.56.55:649][  0]SourceControl: Source control is disabled
[2018.08.23-19.56.55:777][  0]SourceControl: Source control is disabled
[2018.08.23-19.56.57:252][  0]LogAndroidPermission: UAndroidPermissionCallbackProxy::GetInstance
[2018.08.23-19.56.57:711][  0]LogOcInput: OculusInput pre-init called
[2018.08.23-19.56.58:332][  0]LogEngine: Initializing Engine...
[2018.08.23-19.56.58:336][  0]LogHMD: Failed to initialize OpenVR with code 110
[2018.08.23-19.56.58:773][  0]LogStats: UGameplayTagsManager::ConstructGameplayTagTree: Construct from data asset -  0.000 s
[2018.08.23-19.56.58:773][  0]LogStats: UGameplayTagsManager::ConstructGameplayTagTree: GameplayTagTreeChangedEvent.Broadcast -  0.000 s
[2018.08.23-19.56.59:059][  0]LogAIModule: Creating AISystem for world Untitled
[2018.08.23-19.56.59:115][  0]LogInit: XAudio2 using 'Динамики (Realtek High Definition Audio)' : 2 channels at 48 kHz using 16 bits per sample (channel mask 0x3)
[2018.08.23-19.56.59:415][  0]LogInit: FAudioDevice initialized.
[2018.08.23-19.56.59:704][  0]LogDerivedDataCache: Saved boot cache 0.29s 93MB C:/Users/user/AppData/Local/UnrealEngine/4.17/DerivedDataCache/Boot.ddc.
[2018.08.23-19.56.59:734][  0]LogInit: Texture streaming: Enabled
[2018.08.23-19.57.00:080][  0]LogEngineSessionManager: EngineSessionManager initialized
[2018.08.23-19.57.00:806][  0]LogInit: Transaction tracking system initialized
[2018.08.23-19.57.01:437][  0]BlueprintLog: New page: Editor Load
[2018.08.23-19.57.03:625][  0]LocalizationService: Localization service is disabled
[2018.08.23-19.57.05:398][  0]LogConsoleResponse: Display: 
[2018.08.23-19.57.06:752][  0]LogCook: Display: Max memory allowance for cook 16384mb min free memory 0mb
[2018.08.23-19.57.06:752][  0]LogCook: Display: Mobile HDR setting 1
[2018.08.23-19.57.06:752][  0]LogGameplayTags: Display: UGameplayTagsManager::DoneAddingNativeTags. DelegateIsBound: 0
[2018.08.23-19.57.07:492][  0]LogFileCache: Scanning file cache for directory 'C:/Users/user/Dropbox/C/TrainOfRage/PainTrain/Content/' took 0.01s
[2018.08.23-19.57.09:698][  0]SourceControl: Source control is disabled
[2018.08.23-19.57.09:698][  0]Cmd: MAP LOAD FILE="C:/Users/user/Dropbox/C/TrainOfRage/PainTrain/Content/2DSideScrollerBP/Maps/2DSideScrollerExampleMap.umap" TEMPLATE=0 SHOWPROGRESS=1 FEATURELEVEL=3
[2018.08.23-19.57.09:716][  0]LightingResults: New page: Lighting Build
[2018.08.23-19.57.09:781][  0]MapCheck: New page: Map Check
[2018.08.23-19.57.09:781][  0]LightingResults: New page: Lighting Build
[2018.08.23-19.57.10:426][  0]LogAIModule: Creating AISystem for world 2DSideScrollerExampleMap
[2018.08.23-19.57.10:431][  0]LogEditorServer: Finished looking for orphan Actors (0.000 secs)
[2018.08.23-19.57.10:504][  0]Cmd: MAP CHECKDEP NOCLEARLOG
[2018.08.23-19.57.10:599][  0]MapCheck: Map check complete: 0 Error(s), 0 Warning(s), took 94.077ms to complete.
[2018.08.23-19.57.10:599][  0]LogFileHelpers: Loading map '2DSideScrollerExampleMap' took 0.901
[2018.08.23-19.57.11:055][  0]LogCollectionManager: Loaded 0 collections in 0.003360 seconds
[2018.08.23-19.57.11:165][  0]LogFileCache: Scanning file cache for directory 'C:/Users/user/Dropbox/C/TrainOfRage/PainTrain/Saved/Collections/' took 0.01s
[2018.08.23-19.57.11:165][  0]LogFileCache: Scanning file cache for directory 'C:/Users/user/Dropbox/C/TrainOfRage/PainTrain/Content/Developers/user/Collections/' took 0.01s
[2018.08.23-19.57.11:165][  0]LogFileCache: Scanning file cache for directory 'C:/Users/user/Dropbox/C/TrainOfRage/PainTrain/Content/Collections/' took 0.01s
[2018.08.23-19.57.11:165][  0]LogCollectionManager: Rebuilt the GUID cache for 0 collections in 0.000001 seconds
[2018.08.23-19.57.11:189][  0]LogContentBrowser: Native class hierarchy populated in 0.0251 seconds. Added 2388 classes and 503 folders.
[2018.08.23-19.57.11:298][  0]LogContentBrowser: Native class hierarchy updated for 'WidgetCarousel' in 0.0054 seconds. Added 0 classes and 0 folders.
[2018.08.23-19.57.12:450][  0]LogContentBrowser: Native class hierarchy updated for 'AddContentDialog' in 0.0052 seconds. Added 0 classes and 0 folders.
[2018.08.23-19.57.12:614][  0]LogContentBrowser: Native class hierarchy updated for 'SceneOutliner' in 0.0051 seconds. Added 1 classes and 2 folders.
[2018.08.23-19.57.12:675][  0]LogSlate: Took 0.024217 seconds to synchronously load lazily loaded font '../../../Engine/Content/Slate/Fonts/Roboto-Regular.ttf' (155K)
[2018.08.23-19.57.12:697][  0]LogSlate: Took 0.018065 seconds to synchronously load lazily loaded font '../../../Engine/Content/Slate/Fonts/Roboto-Bold.ttf' (160K)
[2018.08.23-19.57.12:732][  0]LogSlate: Took 0.026589 seconds to synchronously load lazily loaded font '../../../Engine/Content/Editor/Slate/Fonts/FontAwesome.ttf' (139K)
[2018.08.23-19.57.12:986][  0]LogRenderer: Reallocating scene render targets to support 856x380 Format 10 NumSamples 1 (Frame:1).
[2018.08.23-19.57.13:510][  0]LogContentBrowser: Native class hierarchy updated for 'HierarchicalLODOutliner' in 0.0055 seconds. Added 1 classes and 2 folders.
[2018.08.23-19.57.13:510][  0]LogLoad: (Engine Initialization) Total time: 114.86 seconds
[2018.08.23-19.57.13:510][  0]LogLoad: (Engine Initialization) Total Blueprint compile time: 0.00 seconds
[2018.08.23-19.57.13:510][  0]LogExternalProfiler: No external profilers were discovered.  External profiling features will not be available.
[2018.08.23-19.57.13:872][  0]LogContentStreaming: Texture pool size now 1000 MB
[2018.08.23-19.57.14:031][  0]LogSlate: Took 0.021252 seconds to synchronously load lazily loaded font '../../../Engine/Content/Slate/Fonts/Roboto-Light.ttf' (159K)
[2018.08.23-19.57.14:527][  2]LogAssetRegistry: Asset discovery search completed in 67.7963 seconds
[2018.08.23-19.57.14:530][  2]LogCollectionManager: Rebuilt the object cache for 0 collections in 0.000001 seconds (found 0 objects)
[2018.08.23-19.57.14:530][  2]LogCollectionManager: Fixed up redirectors for 0 collections in 0.000087 seconds (updated 0 objects)
[2018.08.23-19.59.05:087][338]LogMaterial: Missing cached shader map for material PrototypingSpriteMaterial, compiling. 
[2018.08.23-19.59.20:175][ 66]LogSlate: Took 0.000347 seconds to synchronously load lazily loaded font '../../../Engine/Content/Slate/Fonts/Roboto-Light.ttf' (159K)
[2018.08.23-19.59.31:736][606]LogRenderer: Reallocating scene render targets to support 1084x488 Format 10 NumSamples 1 (Frame:1).
[2018.08.23-19.59.40:658][912]LogSlate: Took 0.074428 seconds to synchronously load lazily loaded font '../../../Engine/Content/Editor/Slate/Fonts/Roboto-BoldCondensed.ttf' (158K)
[2018.08.23-19.59.41:894][912]LogRenderer: Reallocating scene render targets to support 1084x616 Format 10 NumSamples 1 (Frame:1).
[2018.08.23-20.00.48:412][344]LogSlate: Took 0.016072 seconds to synchronously load lazily loaded font '../../../Engine/Content/Slate/Fonts/Roboto-Regular.ttf' (155K)
[2018.08.23-20.00.49:186][344]LogContentBrowser: Native class hierarchy updated for 'BlueprintGraph' in 0.0093 seconds. Added 113 classes and 0 folders.
[2018.08.23-20.00.59:649][511]LogSlate: Took 0.034853 seconds to synchronously load lazily loaded font '../../../Engine/Content/Editor/Slate/Fonts/Roboto-Italic.ttf' (157K)
[2018.08.23-20.01.41:137][699]LogContentBrowser: Native class hierarchy updated for 'MaterialEditor' in 0.0056 seconds. Added 1 classes and 0 folders.
[2018.08.23-20.01.41:160][699]LogMaterial: Missing cached shader map for material PrototypingSpriteMaterial, compiling. 
[2018.08.23-20.01.42:402][699]LogMaterial: Missing cached shader map for material PrototypingSpriteMaterial, compiling. 
[2018.08.23-20.01.42:475][699]LogMaterial: Missing cached shader map for material FMatExpressionPreview MaterialExpressionTextureSampleParameter2D_2, compiling. 
[2018.08.23-20.01.44:533][739]MaterialEditorStats: Base pass shader without light map: 32 instructions
[2018.08.23-20.01.44:534][739]MaterialEditorStats: Vertex shader: 29 instructions
[2018.08.23-20.01.44:534][739]MaterialEditorStats: Texture samplers: 1/16
[2018.08.23-20.01.52:055][  9]LogMaterial: Missing cached shader map for material FMatExpressionPreview MaterialExpressionConstant_0, compiling. 
[2018.08.23-20.04.10:565][459]LogEditorViewport: Clicking on Actor (LMB): PaperSpriteActor (Ledge_13)
[2018.08.23-20.04.11:374][459]LogEditorViewport: Clicking on Actor (LMB): PaperSpriteActor (Ledge_13)
[2018.08.23-20.04.15:538][664]LogEditorViewport: Clicking on Actor (LMB): PaperSpriteActor (Background_Sprite)
[2018.08.23-20.07.05:110][363]LogSlate: Took 0.000421 seconds to synchronously load lazily loaded font '../../../Engine/Content/Slate/Fonts/Roboto-Light.ttf' (159K)
[2018.08.23-20.07.14:542][390]LogFileHelpers: Editor autosave (incl. sublevels) for '/Game/2DSideScrollerBP/Maps/2DSideScrollerExampleMap' took 0.244
[2018.08.23-20.07.14:915][390]OBJ SavePackage: Generating thumbnails for [0] asset(s) in package [/Game/Classes/2DSideScrollerCharacter] ([1] browsable assets)...
[2018.08.23-20.07.14:916][390]OBJ SavePackage: Finished generating thumbnails for package [/Game/Classes/2DSideScrollerCharacter]
[2018.08.23-20.07.15:986][390]LogSavePackage: Save=869.53ms
[2018.08.23-20.07.15:986][390]LogSavePackage: Moving 'C:/Users/user/Dropbox/C/TrainOfRage/PainTrain/Saved/2DSideScrollerCharacter_Auto1F4017BD04E575216A42E62994346906E.tmp' to 'C:/Users/user/Dropbox/C/TrainOfRage/PainTrain/Saved/Autosaves/Game/Classes/2DSideScrollerCharacter_Auto1.uasset'
[2018.08.23-20.07.15:992][390]LogSavePackage: Display: Finished SavePackage C:/Users/user/Dropbox/C/TrainOfRage/PainTrain/Saved/Autosaves/Game/Classes/2DSideScrollerCharacter_Auto1.uasset
[2018.08.23-20.07.15:996][390]OBJ SavePackage: Generating thumbnails for [1] asset(s) in package [/Game/Sprites/IdleAnimation] ([1] browsable assets)...
[2018.08.23-20.07.16:103][390]OBJ SavePackage:     Rendered thumbnail for [PaperFlipbook /Game/Sprites/IdleAnimation.IdleAnimation]
[2018.08.23-20.07.16:103][390]OBJ SavePackage: Finished generating thumbnails for package [/Game/Sprites/IdleAnimation]
[2018.08.23-20.07.16:103][390]Cmd: OBJ SAVEPACKAGE PACKAGE="/Game/Sprites/IdleAnimation" FILE="C:/Users/user/Dropbox/C/TrainOfRage/PainTrain/Saved/Autosaves/Game/Sprites/IdleAnimation_Auto1.uasset" SILENT=false AUTOSAVING=true
[2018.08.23-20.07.16:126][390]LogSavePackage: Save=17.65ms
[2018.08.23-20.07.16:126][390]LogSavePackage: Moving 'C:/Users/user/Dropbox/C/TrainOfRage/PainTrain/Saved/IdleAnimation_Auto1765D2D5B48CD333E67D0F79ECD84A155.tmp' to 'C:/Users/user/Dropbox/C/TrainOfRage/PainTrain/Saved/Autosaves/Game/Sprites/IdleAnimation_Auto1.uasset'
[2018.08.23-20.07.16:131][390]LogSavePackage: Display: Finished SavePackage C:/Users/user/Dropbox/C/TrainOfRage/PainTrain/Saved/Autosaves/Game/Sprites/IdleAnimation_Auto1.uasset
[2018.08.23-20.07.16:134][390]OBJ SavePackage: Generating thumbnails for [0] asset(s) in package [/Game/Classes/2DSideScrollerGameMode] ([1] browsable assets)...
[2018.08.23-20.07.16:134][390]OBJ SavePackage: Finished generating thumbnails for package [/Game/Classes/2DSideScrollerGameMode]
[2018.08.23-20.07.16:237][390]LogSavePackage: Save=61.74ms
[2018.08.23-20.07.16:237][390]LogSavePackage: Moving 'C:/Users/user/Dropbox/C/TrainOfRage/PainTrain/Saved/2DSideScrollerGameMode_Auto1CD647B424E98D8F4C29A7E8EFF5B38A1.tmp' to 'C:/Users/user/Dropbox/C/TrainOfRage/PainTrain/Saved/Autosaves/Game/Classes/2DSideScrollerGameMode_Auto1.uasset'
[2018.08.23-20.07.16:257][390]LogSavePackage: Display: Finished SavePackage C:/Users/user/Dropbox/C/TrainOfRage/PainTrain/Saved/Autosaves/Game/Classes/2DSideScrollerGameMode_Auto1.uasset
[2018.08.23-20.07.16:259][390]OBJ SavePackage: Generating thumbnails for [1] asset(s) in package [/Game/Sprites/RunningAnimation] ([1] browsable assets)...
[2018.08.23-20.07.16:281][390]OBJ SavePackage:     Rendered thumbnail for [PaperFlipbook /Game/Sprites/RunningAnimation.RunningAnimation]
[2018.08.23-20.07.16:281][390]OBJ SavePackage: Finished generating thumbnails for package [/Game/Sprites/RunningAnimation]
[2018.08.23-20.07.16:281][390]Cmd: OBJ SAVEPACKAGE PACKAGE="/Game/Sprites/RunningAnimation" FILE="C:/Users/user/Dropbox/C/TrainOfRage/PainTrain/Saved/Autosaves/Game/Sprites/RunningAnimation_Auto1.uasset" SILENT=false AUTOSAVING=true
[2018.08.23-20.07.16:331][390]LogSavePackage: Save=38.27ms
[2018.08.23-20.07.16:331][390]LogSavePackage: Moving 'C:/Users/user/Dropbox/C/TrainOfRage/PainTrain/Saved/RunningAnimation_Auto131730B504A0A3F0B009D2093E563B393.tmp' to 'C:/Users/user/Dropbox/C/TrainOfRage/PainTrain/Saved/Autosaves/Game/Sprites/RunningAnimation_Auto1.uasset'
[2018.08.23-20.07.16:335][390]LogSavePackage: Display: Finished SavePackage C:/Users/user/Dropbox/C/TrainOfRage/PainTrain/Saved/Autosaves/Game/Sprites/RunningAnimation_Auto1.uasset
[2018.08.23-20.07.16:338][390]OBJ SavePackage: Generating thumbnails for [1] asset(s) in package [/Game/Sprites/PrototypingSprite] ([1] browsable assets)...
[2018.08.23-20.07.16:357][390]OBJ SavePackage:     Rendered thumbnail for [PaperSprite /Game/Sprites/PrototypingSprite.PrototypingSprite]
[2018.08.23-20.07.16:358][390]OBJ SavePackage: Finished generating thumbnails for package [/Game/Sprites/PrototypingSprite]
[2018.08.23-20.07.16:358][390]Cmd: OBJ SAVEPACKAGE PACKAGE="/Game/Sprites/PrototypingSprite" FILE="C:/Users/user/Dropbox/C/TrainOfRage/PainTrain/Saved/Autosaves/Game/Sprites/PrototypingSprite_Auto1.uasset" SILENT=false AUTOSAVING=true
[2018.08.23-20.07.16:377][390]LogSavePackage: Save=14.20ms
[2018.08.23-20.07.16:377][390]LogSavePackage: Moving 'C:/Users/user/Dropbox/C/TrainOfRage/PainTrain/Saved/PrototypingSprite_Auto1A385BA944CCF21EE5AF081AD5A622144.tmp' to 'C:/Users/user/Dropbox/C/TrainOfRage/PainTrain/Saved/Autosaves/Game/Sprites/PrototypingSprite_Auto1.uasset'
[2018.08.23-20.07.16:385][390]LogSavePackage: Display: Finished SavePackage C:/Users/user/Dropbox/C/TrainOfRage/PainTrain/Saved/Autosaves/Game/Sprites/PrototypingSprite_Auto1.uasset
[2018.08.23-20.07.16:388][390]OBJ SavePackage: Generating thumbnails for [1] asset(s) in package [/Game/Sprites/NewPaperFlipbook] ([1] browsable assets)...
[2018.08.23-20.07.16:411][390]OBJ SavePackage:     Rendered thumbnail for [PaperFlipbook /Game/Sprites/NewPaperFlipbook.NewPaperFlipbook]
[2018.08.23-20.07.16:411][390]OBJ SavePackage: Finished generating thumbnails for package [/Game/Sprites/NewPaperFlipbook]
[2018.08.23-20.07.16:411][390]Cmd: OBJ SAVEPACKAGE PACKAGE="/Game/Sprites/NewPaperFlipbook" FILE="C:/Users/user/Dropbox/C/TrainOfRage/PainTrain/Saved/Autosaves/Game/Sprites/NewPaperFlipbook_Auto1.uasset" SILENT=false AUTOSAVING=true
[2018.08.23-20.07.16:438][390]LogSavePackage: Save=21.99ms
[2018.08.23-20.07.16:438][390]LogSavePackage: Moving 'C:/Users/user/Dropbox/C/TrainOfRage/PainTrain/Saved/NewPaperFlipbook_Auto126AADA0E4D66D2778F2C6B9AC6FE114A.tmp' to 'C:/Users/user/Dropbox/C/TrainOfRage/PainTrain/Saved/Autosaves/Game/Sprites/NewPaperFlipbook_Auto1.uasset'
[2018.08.23-20.07.16:443][390]LogSavePackage: Display: Finished SavePackage C:/Users/user/Dropbox/C/TrainOfRage/PainTrain/Saved/Autosaves/Game/Sprites/NewPaperFlipbook_Auto1.uasset
[2018.08.23-20.07.16:445][390]OBJ SavePackage: Generating thumbnails for [1] asset(s) in package [/Game/Sprites/Background_Sprite] ([1] browsable assets)...
[2018.08.23-20.07.16:465][390]OBJ SavePackage:     Rendered thumbnail for [PaperSprite /Game/Sprites/Background_Sprite.Background_Sprite]
[2018.08.23-20.07.16:465][390]OBJ SavePackage: Finished generating thumbnails for package [/Game/Sprites/Background_Sprite]
[2018.08.23-20.07.16:465][390]Cmd: OBJ SAVEPACKAGE PACKAGE="/Game/Sprites/Background_Sprite" FILE="C:/Users/user/Dropbox/C/TrainOfRage/PainTrain/Saved/Autosaves/Game/Sprites/Background_Sprite_Auto1.uasset" SILENT=false AUTOSAVING=true
[2018.08.23-20.07.16:486][390]LogSavePackage: Save=18.47ms
[2018.08.23-20.07.16:486][390]LogSavePackage: Moving 'C:/Users/user/Dropbox/C/TrainOfRage/PainTrain/Saved/Background_Sprite_Auto13E70DEA3438817791E9B70B9DF1EFCDD.tmp' to 'C:/Users/user/Dropbox/C/TrainOfRage/PainTrain/Saved/Autosaves/Game/Sprites/Background_Sprite_Auto1.uasset'
[2018.08.23-20.07.16:490][390]LogSavePackage: Display: Finished SavePackage C:/Users/user/Dropbox/C/TrainOfRage/PainTrain/Saved/Autosaves/Game/Sprites/Background_Sprite_Auto1.uasset
[2018.08.23-20.07.16:493][390]OBJ SavePackage: Generating thumbnails for [1] asset(s) in package [/Game/Sprites/Ledge] ([1] browsable assets)...
[2018.08.23-20.07.16:513][390]OBJ SavePackage:     Rendered thumbnail for [PaperSprite /Game/Sprites/Ledge.Ledge]
[2018.08.23-20.07.16:513][390]OBJ SavePackage: Finished generating thumbnails for package [/Game/Sprites/Ledge]
[2018.08.23-20.07.16:513][390]Cmd: OBJ SAVEPACKAGE PACKAGE="/Game/Sprites/Ledge" FILE="C:/Users/user/Dropbox/C/TrainOfRage/PainTrain/Saved/Autosaves/Game/Sprites/Ledge_Auto1.uasset" SILENT=false AUTOSAVING=true
[2018.08.23-20.07.16:551][390]LogSavePackage: Save=32.68ms
[2018.08.23-20.07.16:551][390]LogSavePackage: Moving 'C:/Users/user/Dropbox/C/TrainOfRage/PainTrain/Saved/Ledge_Auto11FD468AE4641A46B68825BA1A243FD71.tmp' to 'C:/Users/user/Dropbox/C/TrainOfRage/PainTrain/Saved/Autosaves/Game/Sprites/Ledge_Auto1.uasset'
[2018.08.23-20.07.16:559][390]LogSavePackage: Display: Finished SavePackage C:/Users/user/Dropbox/C/TrainOfRage/PainTrain/Saved/Autosaves/Game/Sprites/Ledge_Auto1.uasset
[2018.08.23-20.07.16:560][390]LogFileHelpers: Auto-saving content packages took 1.993
[2018.08.23-20.09.03:020][934]Cmd: OBJ SAVEPACKAGE PACKAGE="/Game/Classes/2DSideScrollerCharacter" FILE="C:/Users/user/Dropbox/C/TrainOfRage/PainTrain/Content/Classes/2DSideScrollerCharacter.uasset" SILENT=true
[2018.08.23-20.09.03:188][934]LogSavePackage: Save=165.42ms
[2018.08.23-20.09.03:188][934]LogSavePackage: Moving 'C:/Users/user/Dropbox/C/TrainOfRage/PainTrain/Saved/2DSideScrollerCharacterF87423994262B35D60DF1F9C347786C6.tmp' to 'C:/Users/user/Dropbox/C/TrainOfRage/PainTrain/Content/Classes/2DSideScrollerCharacter.uasset'
[2018.08.23-20.09.03:196][934]LogSavePackage: Display: Finished SavePackage C:/Users/user/Dropbox/C/TrainOfRage/PainTrain/Content/Classes/2DSideScrollerCharacter.uasset
[2018.08.23-20.09.03:202][934]Cmd: OBJ SAVEPACKAGE PACKAGE="/Game/Classes/2DSideScrollerGameMode" FILE="C:/Users/user/Dropbox/C/TrainOfRage/PainTrain/Content/Classes/2DSideScrollerGameMode.uasset" SILENT=true
[2018.08.23-20.09.03:233][934]LogSavePackage: Save=27.17ms
[2018.08.23-20.09.03:233][934]LogSavePackage: Moving 'C:/Users/user/Dropbox/C/TrainOfRage/PainTrain/Saved/2DSideScrollerGameModeBF37AD254825D81C92416C8080151737.tmp' to 'C:/Users/user/Dropbox/C/TrainOfRage/PainTrain/Content/Classes/2DSideScrollerGameMode.uasset'
[2018.08.23-20.09.03:239][934]LogSavePackage: Display: Finished SavePackage C:/Users/user/Dropbox/C/TrainOfRage/PainTrain/Content/Classes/2DSideScrollerGameMode.uasset
[2018.08.23-20.09.03:268][934]Cmd: OBJ SAVEPACKAGE PACKAGE="/Game/Sprites/Background_Sprite" FILE="C:/Users/user/Dropbox/C/TrainOfRage/PainTrain/Content/Sprites/Background_Sprite.uasset" SILENT=true
[2018.08.23-20.09.03:285][934]LogSavePackage: Save=14.48ms
[2018.08.23-20.09.03:285][934]LogSavePackage: Moving 'C:/Users/user/Dropbox/C/TrainOfRage/PainTrain/Saved/Background_Sprite39B520A64A07581B6D5D9DAC031D43F1.tmp' to 'C:/Users/user/Dropbox/C/TrainOfRage/PainTrain/Content/Sprites/Background_Sprite.uasset'
[2018.08.23-20.09.03:291][934]LogSavePackage: Display: Finished SavePackage C:/Users/user/Dropbox/C/TrainOfRage/PainTrain/Content/Sprites/Background_Sprite.uasset
[2018.08.23-20.09.03:325][934]Cmd: OBJ SAVEPACKAGE PACKAGE="/Game/Sprites/IdleAnimation" FILE="C:/Users/user/Dropbox/C/TrainOfRage/PainTrain/Content/Sprites/IdleAnimation.uasset" SILENT=true
[2018.08.23-20.09.03:341][934]LogSavePackage: Save=12.47ms
[2018.08.23-20.09.03:341][934]LogSavePackage: Moving 'C:/Users/user/Dropbox/C/TrainOfRage/PainTrain/Saved/IdleAnimation0FF3D22C4C8A3E9FFEC56FBEF70D3888.tmp' to 'C:/Users/user/Dropbox/C/TrainOfRage/PainTrain/Content/Sprites/IdleAnimation.uasset'
[2018.08.23-20.09.03:347][934]LogSavePackage: Display: Finished SavePackage C:/Users/user/Dropbox/C/TrainOfRage/PainTrain/Content/Sprites/IdleAnimation.uasset
[2018.08.23-20.09.03:371][934]Cmd: OBJ SAVEPACKAGE PACKAGE="/Game/Sprites/Ledge" FILE="C:/Users/user/Dropbox/C/TrainOfRage/PainTrain/Content/Sprites/Ledge.uasset" SILENT=true
[2018.08.23-20.09.03:437][934]LogSavePackage: Save=38.02ms
[2018.08.23-20.09.03:437][934]LogSavePackage: Moving 'C:/Users/user/Dropbox/C/TrainOfRage/PainTrain/Saved/Ledge8DEC821443D5511CF1CA329BC684983C.tmp' to 'C:/Users/user/Dropbox/C/TrainOfRage/PainTrain/Content/Sprites/Ledge.uasset'
[2018.08.23-20.09.03:443][934]LogSavePackage: Display: Finished SavePackage C:/Users/user/Dropbox/C/TrainOfRage/PainTrain/Content/Sprites/Ledge.uasset
[2018.08.23-20.09.03:468][934]Cmd: OBJ SAVEPACKAGE PACKAGE="/Game/Sprites/NewPaperFlipbook" FILE="C:/Users/user/Dropbox/C/TrainOfRage/PainTrain/Content/Sprites/NewPaperFlipbook.uasset" SILENT=true
[2018.08.23-20.09.03:481][934]LogSavePackage: Save=10.69ms
[2018.08.23-20.09.03:481][934]LogSavePackage: Moving 'C:/Users/user/Dropbox/C/TrainOfRage/PainTrain/Saved/NewPaperFlipbook1C16BF744F0FF4A2CADA26975E8121A3.tmp' to 'C:/Users/user/Dropbox/C/TrainOfRage/PainTrain/Content/Sprites/NewPaperFlipbook.uasset'
[2018.08.23-20.09.03:487][934]LogSavePackage: Display: Finished SavePackage C:/Users/user/Dropbox/C/TrainOfRage/PainTrain/Content/Sprites/NewPaperFlipbook.uasset
[2018.08.23-20.09.03:511][934]Cmd: OBJ SAVEPACKAGE PACKAGE="/Game/Sprites/PrototypingSprite" FILE="C:/Users/user/Dropbox/C/TrainOfRage/PainTrain/Content/Sprites/PrototypingSprite.uasset" SILENT=true
[2018.08.23-20.09.03:523][934]LogSavePackage: Save=10.02ms
[2018.08.23-20.09.03:523][934]LogSavePackage: Moving 'C:/Users/user/Dropbox/C/TrainOfRage/PainTrain/Saved/PrototypingSpriteBA443FDF44EDC80043794EBFA199CFBF.tmp' to 'C:/Users/user/Dropbox/C/TrainOfRage/PainTrain/Content/Sprites/PrototypingSprite.uasset'
[2018.08.23-20.09.03:530][934]LogSavePackage: Display: Finished SavePackage C:/Users/user/Dropbox/C/TrainOfRage/PainTrain/Content/Sprites/PrototypingSprite.uasset
[2018.08.23-20.09.03:561][934]Cmd: OBJ SAVEPACKAGE PACKAGE="/Game/Sprites/RunningAnimation" FILE="C:/Users/user/Dropbox/C/TrainOfRage/PainTrain/Content/Sprites/RunningAnimation.uasset" SILENT=true
[2018.08.23-20.09.03:577][934]LogSavePackage: Save=12.66ms
[2018.08.23-20.09.03:577][934]LogSavePackage: Moving 'C:/Users/user/Dropbox/C/TrainOfRage/PainTrain/Saved/RunningAnimationCBEB631346EDC84C8B352F8F0C2DD662.tmp' to 'C:/Users/user/Dropbox/C/TrainOfRage/PainTrain/Content/Sprites/RunningAnimation.uasset'
[2018.08.23-20.09.03:583][934]LogSavePackage: Display: Finished SavePackage C:/Users/user/Dropbox/C/TrainOfRage/PainTrain/Content/Sprites/RunningAnimation.uasset
[2018.08.23-20.09.05:223][934]LogWindowsTextInputMethodSystem: Display: IME system now deactivated.
[2018.08.23-20.09.10:854][935]Cmd: QUIT_EDITOR
[2018.08.23-20.09.14:107][935]LogExit: Preparing to exit.
[2018.08.23-20.09.16:423][935]LogExit: Editor shut down
[2018.08.23-20.09.16:445][935]LogExit: Transaction tracking system shut down
[2018.08.23-20.09.16:734][935]LogDirectoryWatcher: A directory notification for '../../../Engine/Content/' was aborted.
[2018.08.23-20.09.16:734][935]LogDirectoryWatcher: A directory notification for 'C:/Users/user/Dropbox/C/TrainOfRage/PainTrain/Content/' was aborted.
[2018.08.23-20.09.16:734][935]LogDirectoryWatcher: A directory notification for '../../../Engine/Plugins/2D/Paper2D/Content/' was aborted.
[2018.08.23-20.09.16:735][935]LogDirectoryWatcher: A directory notification for '../../../Engine/Plugins/Runtime/Oculus/OculusVR/Content/' was aborted.
[2018.08.23-20.09.16:735][935]LogDirectoryWatcher: A directory notification for '../../../Engine/Plugins/Runtime/Steam/SteamVR/Content/' was aborted.
[2018.08.23-20.09.19:342][935]LogExit: Object subsystem successfully closed.
[2018.08.23-20.09.21:100][935]LogD3D11RHI: Shutdown
[2018.08.23-20.09.21:130][935]LogD3D11RHI: CleanupD3DDevice
[2018.08.23-20.09.21:654][935]LogD3D11RHI: ~FD3D11DynamicRHI
[2018.08.23-20.09.27:318][935]LogModuleManager: Shutting down and abandoning module MaterialEditor (538)
[2018.08.23-20.09.27:319][935]LogModuleManager: Shutting down and abandoning module BlueprintGraph (536)
[2018.08.23-20.09.27:319][935]LogModuleManager: Shutting down and abandoning module BlueprintProfiler (534)
[2018.08.23-20.09.27:787][935]LogModuleManager: Shutting down and abandoning module HierarchicalLODOutliner (532)
[2018.08.23-20.09.27:787][935]LogModuleManager: Shutting down and abandoning module SceneOutliner (530)
[2018.08.23-20.09.27:865][935]LogModuleManager: Shutting down and abandoning module AddContentDialog (528)
[2018.08.23-20.09.27:935][935]LogDirectoryWatcher: A directory notification for 'E:/dev/Epic Games/UE_4.17/FeaturePacks/' was aborted.
[2018.08.23-20.09.27:998][935]LogModuleManager: Shutting down and abandoning module WidgetCarousel (527)
[2018.08.23-20.09.27:998][935]LogModuleManager: Shutting down and abandoning module EditorWidgets (524)
[2018.08.23-20.09.27:998][935]LogModuleManager: Shutting down and abandoning module CollectionManager (522)
[2018.08.23-20.09.28:692][935]LogDirectoryWatcher: A directory notification for 'C:/Users/user/Dropbox/C/TrainOfRage/PainTrain/Content/Collections/' was aborted.
[2018.08.23-20.09.28:692][935]LogDirectoryWatcher: A directory notification for 'C:/Users/user/Dropbox/C/TrainOfRage/PainTrain/Content/Developers/user/Collections/' was aborted.
[2018.08.23-20.09.28:692][935]LogDirectoryWatcher: A directory notification for 'C:/Users/user/Dropbox/C/TrainOfRage/PainTrain/Saved/Collections/' was aborted.
[2018.08.23-20.09.28:692][935]LogModuleManager: Shutting down and abandoning module StatsViewer (520)
[2018.08.23-20.09.28:814][935]LogModuleManager: Shutting down and abandoning module FoliageEdit (518)
[2018.08.23-20.09.28:814][935]LogModuleManager: Shutting down and abandoning module LandscapeEditor (516)
[2018.08.23-20.09.29:029][935]LogModuleManager: Shutting down and abandoning module MeshPaintMode (514)
[2018.08.23-20.09.29:029][935]LogModuleManager: Shutting down and abandoning module SceneDepthPickerMode (512)
[2018.08.23-20.09.29:029][935]LogModuleManager: Shutting down and abandoning module ActorPickerMode (510)
[2018.08.23-20.09.29:029][935]LogModuleManager: Shutting down and abandoning module GeometryMode (508)
[2018.08.23-20.09.29:029][935]LogModuleManager: Shutting down and abandoning module TextureAlignMode (506)
[2018.08.23-20.09.29:029][935]LogModuleManager: Shutting down and abandoning module BspMode (504)
[2018.08.23-20.09.29:155][935]LogModuleManager: Shutting down and abandoning module PIEPreviewDeviceProfileSelector (502)
[2018.08.23-20.09.29:156][935]LogModuleManager: Shutting down and abandoning module HardwareSurvey (500)
[2018.08.23-20.09.29:156][935]LogModuleManager: Shutting down and abandoning module SequenceRecorderSections (498)
[2018.08.23-20.09.29:156][935]LogModuleManager: Shutting down and abandoning module AutomationWorker (496)
[2018.08.23-20.09.30:205][935]LogModuleManager: Shutting down and abandoning module MatineeToLevelSequence (494)
[2018.08.23-20.09.30:205][935]LogModuleManager: Shutting down and abandoning module LevelSequenceEditor (492)
[2018.08.23-20.09.33:186][935]LogModuleManager: Shutting down and abandoning module PlacementMode (491)
[2018.08.23-20.09.33:186][935]LogModuleManager: Shutting down and abandoning module WmfMediaFactory (488)
[2018.08.23-20.09.33:186][935]LogModuleManager: Shutting down and abandoning module WmfMediaEditor (486)
[2018.08.23-20.09.33:186][935]LogModuleManager: Shutting down and abandoning module AvfMediaFactory (484)
[2018.08.23-20.09.33:186][935]LogModuleManager: Shutting down and abandoning module AvfMediaEditor (482)
[2018.08.23-20.09.33:186][935]LogModuleManager: Shutting down and abandoning module AndroidMediaFactory (480)
[2018.08.23-20.09.33:186][935]LogModuleManager: Shutting down and abandoning module Media (479)
[2018.08.23-20.09.33:186][935]LogModuleManager: Shutting down and abandoning module AndroidMediaEditor (476)
[2018.08.23-20.09.33:186][935]LogModuleManager: Shutting down and abandoning module CharacterAI (474)
[2018.08.23-20.09.33:186][935]LogModuleManager: Shutting down and abandoning module AudioCapture (472)
[2018.08.23-20.09.33:186][935]LogModuleManager: Shutting down and abandoning module SequenceRecorder (471)
[2018.08.23-20.09.33:219][935]LogModuleManager: Shutting down and abandoning module SmartSnapping (468)
[2018.08.23-20.09.33:219][935]LogModuleManager: Shutting down and abandoning module SessionServices (466)
[2018.08.23-20.09.33:219][935]LogModuleManager: Shutting down and abandoning module ViewportSnapping (464)
[2018.08.23-20.09.33:219][935]LogModuleManager: Shutting down and abandoning module ViewportInteraction (462)
[2018.08.23-20.09.33:219][935]LogModuleManager: Shutting down and abandoning module ClothPainter (460)
[2018.08.23-20.09.33:395][935]LogModuleManager: Shutting down and abandoning module LogVisualizer (458)
[2018.08.23-20.09.33:434][935]LogModuleManager: Shutting down and abandoning module IntroTutorials (456)
[2018.08.23-20.09.33:476][935]LogModuleManager: Shutting down and abandoning module GameProjectGeneration (455)
[2018.08.23-20.09.33:476][935]LogModuleManager: Shutting down and abandoning module IOSPlatformEditor (452)
[2018.08.23-20.09.33:502][935]LogModuleManager: Shutting down and abandoning module HTML5PlatformEditor (450)
[2018.08.23-20.09.33:503][935]LogModuleManager: Shutting down and abandoning module AndroidPlatformEditor (448)
[2018.08.23-20.09.33:503][935]LogModuleManager: Shutting down and abandoning module AndroidDeviceDetection (447)
[2018.08.23-20.09.33:947][935]LogModuleManager: Shutting down and abandoning module WindowsPlatformEditor (444)
[2018.08.23-20.09.33:947][935]LogModuleManager: Shutting down and abandoning module IOSRuntimeSettings (442)
[2018.08.23-20.09.33:947][935]LogModuleManager: Shutting down and abandoning module AndroidRuntimeSettings (440)
[2018.08.23-20.09.33:947][935]LogModuleManager: Shutting down and abandoning module InputBindingEditor (438)
[2018.08.23-20.09.33:991][935]LogModuleManager: Shutting down and abandoning module MergeActors (436)
[2018.08.23-20.09.34:035][935]LogModuleManager: Shutting down and abandoning module SizeMap (434)
[2018.08.23-20.09.34:035][935]LogModuleManager: Shutting down and abandoning module TreeMap (432)
[2018.08.23-20.09.34:080][935]LogModuleManager: Shutting down and abandoning module ReferenceViewer (430)
[2018.08.23-20.09.34:080][935]LogModuleManager: Shutting down and abandoning module LocalizationDashboard (428)
[2018.08.23-20.09.34:148][935]LogModuleManager: Shutting down and abandoning module LocalizationService (427)
[2018.08.23-20.09.34:224][935]LogModuleManager: Shutting down and abandoning module HardwareTargeting (424)
[2018.08.23-20.09.34:224][935]LogModuleManager: Shutting down and abandoning module DeviceProfileEditor (422)
[2018.08.23-20.09.34:257][935]LogModuleManager: Shutting down and abandoning module UndoHistory (420)
[2018.08.23-20.09.34:257][935]LogModuleManager: Shutting down and abandoning module XmlParser (418)
[2018.08.23-20.09.34:257][935]LogModuleManager: Shutting down and abandoning module Blutility (416)
[2018.08.23-20.09.34:257][935]LogModuleManager: Shutting down and abandoning module ProjectSettingsViewer (414)
[2018.08.23-20.09.34:257][935]LogModuleManager: Shutting down and abandoning module ProjectTargetPlatformEditor (413)
[2018.08.23-20.09.34:258][935]LogModuleManager: Shutting down and abandoning module EditorSettingsViewer (410)
[2018.08.23-20.09.34:258][935]LogModuleManager: Shutting down and abandoning module SettingsEditor (408)
[2018.08.23-20.09.34:305][935]LogModuleManager: Shutting down and abandoning module ProjectLauncher (406)
[2018.08.23-20.09.34:336][935]LogModuleManager: Shutting down and abandoning module SessionFrontend (404)
[2018.08.23-20.09.34:385][935]LogModuleManager: Shutting down and abandoning module ProfilerClient (402)
[2018.08.23-20.09.34:400][935]LogModuleManager: Shutting down and abandoning module DeviceManager (400)
[2018.08.23-20.09.34:467][935]LogModuleManager: Shutting down and abandoning module TargetDeviceServices (399)
[2018.08.23-20.09.34:532][935]LogModuleManager: Shutting down and abandoning module AutomationController (396)
[2018.08.23-20.09.34:567][935]LogModuleManager: Shutting down and abandoning module AutomationWindow (394)
[2018.08.23-20.09.34:622][935]LogModuleManager: Shutting down and abandoning module Layers (392)
[2018.08.23-20.09.34:674][935]LogModuleManager: Shutting down and abandoning module ComponentVisualizers (390)
[2018.08.23-20.09.34:674][935]LogModuleManager: Shutting down and abandoning module DetailCustomizations (388)
[2018.08.23-20.09.34:723][935]LogModuleManager: Shutting down and abandoning module PackagesDialog (386)
[2018.08.23-20.09.34:723][935]LogModuleManager: Shutting down and abandoning module Persona (384)
[2018.08.23-20.09.34:765][935]LogModuleManager: Shutting down and abandoning module AdvancedPreviewScene (383)
[2018.08.23-20.09.34:765][935]LogModuleManager: Shutting down and abandoning module AnimGraph (381)
[2018.08.23-20.09.34:779][935]LogModuleManager: Shutting down and abandoning module Kismet (378)
[2018.08.23-20.09.34:814][935]LogModuleManager: Shutting down and abandoning module ClassViewer (376)
[2018.08.23-20.09.34:814][935]LogModuleManager: Shutting down and abandoning module Toolbox (374)
[2018.08.23-20.09.34:814][935]LogModuleManager: Shutting down and abandoning module ModuleUI (372)
[2018.08.23-20.09.34:854][935]LogModuleManager: Shutting down and abandoning module MovieSceneTools (370)
[2018.08.23-20.09.34:895][935]LogModuleManager: Shutting down and abandoning module OutputLog (368)
[2018.08.23-20.09.34:923][935]LogModuleManager: Shutting down and abandoning module GammaUI (366)
[2018.08.23-20.09.34:937][935]LogModuleManager: Shutting down and abandoning module Documentation (364)
[2018.08.23-20.09.34:937][935]LogModuleManager: Shutting down and abandoning module MovieSceneTracks (362)
[2018.08.23-20.09.34:937][935]LogModuleManager: Shutting down and abandoning module MovieScene (360)
[2018.08.23-20.09.34:937][935]LogModuleManager: Shutting down and abandoning module Niagara (358)
[2018.08.23-20.09.34:937][935]LogModuleManager: Shutting down and abandoning module NiagaraEditor (357)
[2018.08.23-20.09.35:045][935]LogModuleManager: Shutting down and abandoning module StreamingPauseRendering (354)
[2018.08.23-20.09.35:045][935]LogModuleManager: Shutting down and abandoning module LauncherPlatform (352)
[2018.08.23-20.09.35:045][935]LogModuleManager: Shutting down and abandoning module AnalyticsET (350)
[2018.08.23-20.09.35:045][935]LogModuleManager: Shutting down and abandoning module PortalServices (348)
[2018.08.23-20.09.35:045][935]LogModuleManager: Shutting down and abandoning module PortalRpc (346)
[2018.08.23-20.09.35:045][935]LogModuleManager: Shutting down and abandoning module MessagingRpc (344)
[2018.08.23-20.09.35:045][935]LogModuleManager: Shutting down and abandoning module AIModule (342)
[2018.08.23-20.09.35:057][935]LogModuleManager: Shutting down and abandoning module GameplayDebugger (341)
[2018.08.23-20.09.35:058][935]LogModuleManager: Shutting down and abandoning module AITestSuite (339)
[2018.08.23-20.09.35:077][935]LogModuleManager: Shutting down and abandoning module ProfilerService (336)
[2018.08.23-20.09.35:103][935]LogModuleManager: Shutting down and abandoning module TaskGraph (334)
[2018.08.23-20.09.35:129][935]LogModuleManager: Shutting down and abandoning module SteamVRController (332)
[2018.08.23-20.09.35:129][935]LogModuleManager: Shutting down and abandoning module ProceduralMeshComponentEditor (330)
[2018.08.23-20.09.35:129][935]LogModuleManager: Shutting down and abandoning module ProceduralMeshComponent (328)
[2018.08.23-20.09.35:129][935]LogModuleManager: Shutting down and abandoning module OculusInput (326)
[2018.08.23-20.09.35:130][935]LogModuleManager: Shutting down and abandoning module MobilePatchingUtils (324)
[2018.08.23-20.09.35:130][935]LogModuleManager: Shutting down and abandoning module CustomMeshComponent (322)
[2018.08.23-20.09.35:130][935]LogModuleManager: Shutting down and abandoning module CableComponent (320)
[2018.08.23-20.09.35:130][935]LogModuleManager: Shutting down and abandoning module ArchVisCharacter (318)
[2018.08.23-20.09.35:130][935]LogModuleManager: Shutting down and abandoning module AndroidPermission (316)
[2018.08.23-20.09.35:130][935]LogModuleManager: Shutting down and abandoning module MediaPlayerEditor (312)
[2018.08.23-20.09.35:177][935]LogModuleManager: Shutting down and abandoning module HTML5Networking (310)
[2018.08.23-20.09.35:177][935]LogModuleManager: Shutting down and abandoning module AlembicImporter (308)
[2018.08.23-20.09.35:191][935]LogModuleManager: Shutting down and abandoning module AlembicLibrary (307)
[2018.08.23-20.09.35:191][935]LogModuleManager: Shutting down and abandoning module GeometryCache (306)
[2018.08.23-20.09.35:191][935]LogModuleManager: Shutting down and abandoning module GeometryCacheEd (305)
[2018.08.23-20.09.35:191][935]LogModuleManager: Shutting down and abandoning module SpeedTreeImporter (300)
[2018.08.23-20.09.35:191][935]LogModuleManager: Shutting down and abandoning module PluginBrowser (298)
[2018.08.23-20.09.35:353][935]LogModuleManager: Shutting down and abandoning module MobileLauncherProfileWizard (296)
[2018.08.23-20.09.35:380][935]LogModuleManager: Shutting down and abandoning module VisualStudioSourceCodeAccess (294)
[2018.08.23-20.09.35:380][935]LogModuleManager: Shutting down and abandoning module DesktopPlatform (293)
[2018.08.23-20.09.35:415][935]LogModuleManager: Shutting down and abandoning module UObjectPlugin (290)
[2018.08.23-20.09.35:415][935]LogModuleManager: Shutting down and abandoning module SubversionSourceControl (288)
[2018.08.23-20.09.35:435][935]LogModuleManager: Shutting down and abandoning module PerforceSourceControl (286)
[2018.08.23-20.09.35:500][935]LogModuleManager: Shutting down and abandoning module GitSourceControl (284)
[2018.08.23-20.09.35:571][935]LogModuleManager: Shutting down and abandoning module SourceControl (283)
[2018.08.23-20.09.35:613][935]LogModuleManager: Shutting down and abandoning module LightPropagationVolumeEditor (280)
[2018.08.23-20.09.35:613][935]LogModuleManager: Shutting down and abandoning module PaperTiledImporter (278)
[2018.08.23-20.09.35:613][935]LogModuleManager: Shutting down and abandoning module PaperSpriteSheetImporter (276)
[2018.08.23-20.09.35:613][935]LogModuleManager: Shutting down and abandoning module Paper2DEditor (274)
[2018.08.23-20.09.35:613][935]LogModuleManager: Shutting down and abandoning module MeshPaint (273)
[2018.08.23-20.09.35:644][935]LogModuleManager: Shutting down and abandoning module LevelEditor (271)
[2018.08.23-20.09.35:669][935]LogModuleManager: Shutting down and abandoning module PixelInspectorModule (270)
[2018.08.23-20.09.35:751][935]LogModuleManager: Shutting down and abandoning module MainFrame (268)
[2018.08.23-20.09.35:751][935]LogModuleManager: Shutting down and abandoning module HotReload (267)
[2018.08.23-20.09.35:751][935]LogDirectoryWatcher: A directory notification for 'C:/Users/user/Dropbox/C/TrainOfRage/PainTrain/Binaries/Win64' was aborted.
[2018.08.23-20.09.35:751][935]LogModuleManager: Shutting down and abandoning module PainTrain (262)
[2018.08.23-20.09.35:751][935]LogModuleManager: Shutting down and abandoning module RuntimePhysXCooking (260)
[2018.08.23-20.09.35:751][935]LogModuleManager: Shutting down and abandoning module PhysXVehiclesEditor (258)
[2018.08.23-20.09.35:751][935]LogModuleManager: Shutting down and abandoning module PhysXVehicles (256)
[2018.08.23-20.09.35:752][935]LogModuleManager: Shutting down and abandoning module OculusEditor (254)
[2018.08.23-20.09.35:752][935]LogModuleManager: Shutting down and abandoning module LocationServicesBPLibrary (252)
[2018.08.23-20.09.35:752][935]LogModuleManager: Shutting down and abandoning module ImmediatePhysicsEditor (250)
[2018.08.23-20.09.35:752][935]LogModuleManager: Shutting down and abandoning module ImmediatePhysics (248)
[2018.08.23-20.09.35:766][935]LogModuleManager: Shutting down and abandoning module UdpMessaging (246)
[2018.08.23-20.09.35:868][935]LogModuleManager: Shutting down and abandoning module TcpMessaging (244)
[2018.08.23-20.09.35:992][935]LogModuleManager: Shutting down and abandoning module GameplayTagsEditor (242)
[2018.08.23-20.09.36:035][935]LogModuleManager: Shutting down and abandoning module FacialAnimationEditor (240)
[2018.08.23-20.09.36:035][935]LogModuleManager: Shutting down and abandoning module FacialAnimation (238)
[2018.08.23-20.09.36:035][935]LogModuleManager: Shutting down and abandoning module AssetManagerEditor (236)
[2018.08.23-20.09.36:083][935]LogModuleManager: Shutting down and abandoning module GraphEditor (235)
[2018.08.23-20.09.36:083][935]LogModuleManager: Shutting down and abandoning module ContentBrowser (233)
[2018.08.23-20.09.36:085][935]LogModuleManager: Shutting down and abandoning module LightPropagationVolumeRuntime (230)
[2018.08.23-20.09.36:085][935]LogModuleManager: Shutting down and abandoning module Paper2D (228)
[2018.08.23-20.09.36:085][935]LogModuleManager: Shutting down and abandoning module WindowsMoviePlayer (226)
[2018.08.23-20.09.36:107][935]LogModuleManager: Shutting down and abandoning module WmfMedia (224)
[2018.08.23-20.09.36:117][935]LogModuleManager: Shutting down and abandoning module PacketHandler (222)
[2018.08.23-20.09.36:117][935]LogModuleManager: Shutting down and abandoning module ClothingSystemEditor (220)
[2018.08.23-20.09.36:117][935]LogModuleManager: Shutting down and abandoning module ClothingSystemRuntime (218)
[2018.08.23-20.09.36:160][935]LogModuleManager: Shutting down and abandoning module Overlay (216)
[2018.08.23-20.09.36:160][935]LogModuleManager: Shutting down and abandoning module OverlayEditor (215)
[2018.08.23-20.09.36:160][935]LogModuleManager: Shutting down and abandoning module MediaAssets (212)
[2018.08.23-20.09.36:160][935]LogModuleManager: Shutting down and abandoning module VREditor (210)
[2018.08.23-20.09.36:209][935]LogModuleManager: Shutting down and abandoning module StringTableEditor (208)
[2018.08.23-20.09.36:239][935]LogModuleManager: Shutting down and abandoning module GameplayTasksEditor (206)
[2018.08.23-20.09.36:239][935]LogModuleManager: Shutting down and abandoning module BehaviorTreeEditor (204)
[2018.08.23-20.09.36:323][935]LogModuleManager: Shutting down and abandoning module FunctionalTesting (202)
[2018.08.23-20.09.36:323][935]LogModuleManager: Shutting down and abandoning module CollisionAnalyzer (200)
[2018.08.23-20.09.36:348][935]LogModuleManager: Shutting down and abandoning module WorkspaceMenuStructure (199)
[2018.08.23-20.09.36:348][935]LogModuleManager: Shutting down and abandoning module UMG (196)
[2018.08.23-20.09.36:386][935]LogModuleManager: Shutting down and abandoning module UMGEditor (195)
[2018.08.23-20.09.36:442][935]LogModuleManager: Shutting down and abandoning module Sequencer (194)
[2018.08.23-20.09.36:470][935]LogModuleManager: Shutting down and abandoning module MessageLog (191)
[2018.08.23-20.09.36:470][935]LogModuleManager: Shutting down and abandoning module SlateReflector (186)
[2018.08.23-20.09.36:537][935]LogModuleManager: Shutting down and abandoning module Slate (184)
[2018.08.23-20.09.36:537][935]LogModuleManager: Shutting down and abandoning module EditorStyle (182)
[2018.08.23-20.09.36:542][935]LogModuleManager: Shutting down and abandoning module MRMesh (180)
[2018.08.23-20.09.36:543][935]LogModuleManager: Shutting down and abandoning module SourceCodeAccess (178)
[2018.08.23-20.09.36:543][935]LogModuleManager: Shutting down and abandoning module HeadMountedDisplay (176)
[2018.08.23-20.09.36:543][935]LogModuleManager: Shutting down and abandoning module XAudio2 (174)
[2018.08.23-20.09.36:543][935]LogModuleManager: Shutting down and abandoning module Networking (172)
[2018.08.23-20.09.36:543][935]LogModuleManager: Shutting down and abandoning module Core (168)
[2018.08.23-20.09.36:543][935]LogModuleManager: Shutting down and abandoning module KismetCompiler (164)
[2018.08.23-20.09.36:543][935]LogModuleManager: Shutting down and abandoning module LevelSequence (162)
[2018.08.23-20.09.36:543][935]LogModuleManager: Shutting down and abandoning module MeshUtilities (160)
[2018.08.23-20.09.36:615][935]LogModuleManager: Shutting down and abandoning module MeshMergeUtilities (159)
[2018.08.23-20.09.36:688][935]LogModuleManager: Shutting down and abandoning module MeshReductionInterface (158)
[2018.08.23-20.09.36:688][935]LogModuleManager: Shutting down and abandoning module SimplygonSwarm (157)
[2018.08.23-20.09.36:716][935]LogModuleManager: Shutting down and abandoning module SimplygonMeshReduction (155)
[2018.08.23-20.09.36:716][935]LogModuleManager: Shutting down and abandoning module QuadricMeshReduction (153)
[2018.08.23-20.09.36:749][935]LogModuleManager: Shutting down and abandoning module MaterialBaking (149)
[2018.08.23-20.09.36:789][935]LogModuleManager: Shutting down and abandoning module DirectoryWatcher (146)
[2018.08.23-20.09.36:790][935]LogModuleManager: Shutting down and abandoning module DerivedDataCache (144)
[2018.08.23-20.09.36:852][935]LogDerivedDataCache: Shutdown
[2018.08.23-20.09.36:853][935]LogModuleManager: Shutting down and abandoning module TargetPlatform (142)
[2018.08.23-20.09.36:853][935]LogModuleManager: Shutting down and abandoning module VulkanShaderFormat (141)
[2018.08.23-20.09.36:874][935]LogModuleManager: Shutting down and abandoning module ShaderFormatVectorVM (139)
[2018.08.23-20.09.36:895][935]LogModuleManager: Shutting down and abandoning module ShaderFormatOpenGL (137)
[2018.08.23-20.09.36:903][935]LogModuleManager: Shutting down and abandoning module ShaderFormatD3D (135)
[2018.08.23-20.09.36:903][935]LogModuleManager: Shutting down and abandoning module MetalShaderFormat (133)
[2018.08.23-20.09.36:927][935]LogModuleManager: Shutting down and abandoning module TextureFormatUncompressed (131)
[2018.08.23-20.09.36:927][935]LogModuleManager: Shutting down and abandoning module TextureFormatPVR (129)
[2018.08.23-20.09.36:927][935]LogModuleManager: Shutting down and abandoning module TextureFormatDXT (127)
[2018.08.23-20.09.36:927][935]LogModuleManager: Shutting down and abandoning module TextureFormatIntelISPCTexComp (125)
[2018.08.23-20.09.36:927][935]LogModuleManager: Shutting down and abandoning module TextureFormatASTC (123)
[2018.08.23-20.09.36:927][935]LogModuleManager: Shutting down and abandoning module ImageWrapper (122)
[2018.08.23-20.09.36:927][935]LogModuleManager: Shutting down and abandoning module TextureFormatAndroid (119)
[2018.08.23-20.09.36:927][935]LogModuleManager: Shutting down and abandoning module AudioFormatOpus (117)
[2018.08.23-20.09.36:927][935]LogModuleManager: Shutting down and abandoning module AudioFormatOgg (115)
[2018.08.23-20.09.36:927][935]LogModuleManager: Shutting down and abandoning module AudioFormatADPCM (113)
[2018.08.23-20.09.36:927][935]LogModuleManager: Shutting down and abandoning module LinuxTargetPlatform (111)
[2018.08.23-20.09.36:927][935]LogModuleManager: Shutting down and abandoning module LinuxServerTargetPlatform (109)
[2018.08.23-20.09.36:927][935]LogModuleManager: Shutting down and abandoning module LinuxNoEditorTargetPlatform (107)
[2018.08.23-20.09.36:927][935]LogModuleManager: Shutting down and abandoning module LinuxClientTargetPlatform (105)
[2018.08.23-20.09.36:927][935]LogModuleManager: Shutting down and abandoning module TVOSTargetPlatform (103)
[2018.08.23-20.09.36:927][935]LogModuleManager: Shutting down and abandoning module Messaging (101)
[2018.08.23-20.09.36:927][935]LogModuleManager: Shutting down and abandoning module IOSTargetPlatform (99)
[2018.08.23-20.09.36:927][935]LogModuleManager: Shutting down and abandoning module HTML5TargetPlatform (97)
[2018.08.23-20.09.36:927][935]LogModuleManager: Shutting down and abandoning module Android_PVRTCTargetPlatform (95)
[2018.08.23-20.09.36:928][935]LogModuleManager: Shutting down and abandoning module Android_MultiTargetPlatform (93)
[2018.08.23-20.09.36:928][935]LogModuleManager: Shutting down and abandoning module Android_ETC2TargetPlatform (91)
[2018.08.23-20.09.36:928][935]LogModuleManager: Shutting down and abandoning module Android_ETC1TargetPlatform (89)
[2018.08.23-20.09.36:928][935]LogModuleManager: Shutting down and abandoning module Android_DXTTargetPlatform (87)
[2018.08.23-20.09.36:928][935]LogModuleManager: Shutting down and abandoning module Android_ATCTargetPlatform (85)
[2018.08.23-20.09.36:928][935]LogModuleManager: Shutting down and abandoning module Android_ASTCTargetPlatform (83)
[2018.08.23-20.09.36:928][935]LogModuleManager: Shutting down and abandoning module AndroidTargetPlatform (81)
[2018.08.23-20.09.36:928][935]LogModuleManager: Shutting down and abandoning module WindowsTargetPlatform (79)
[2018.08.23-20.09.36:928][935]LogModuleManager: Shutting down and abandoning module WindowsServerTargetPlatform (77)
[2018.08.23-20.09.36:928][935]LogModuleManager: Shutting down and abandoning module WindowsNoEditorTargetPlatform (75)
[2018.08.23-20.09.36:928][935]LogModuleManager: Shutting down and abandoning module WindowsClientTargetPlatform (73)
[2018.08.23-20.09.36:928][935]LogModuleManager: Shutting down and abandoning module MacTargetPlatform (71)
[2018.08.23-20.09.36:928][935]LogModuleManager: Shutting down and abandoning module MacServerTargetPlatform (69)
[2018.08.23-20.09.36:928][935]LogModuleManager: Shutting down and abandoning module MacNoEditorTargetPlatform (67)
[2018.08.23-20.09.36:928][935]LogModuleManager: Shutting down and abandoning module MacClientTargetPlatform (65)
[2018.08.23-20.09.36:928][935]LogModuleManager: Shutting down and abandoning module AllDesktopTargetPlatform (63)
[2018.08.23-20.09.36:928][935]LogModuleManager: Shutting down and abandoning module InputCore (60)
[2018.08.23-20.09.36:928][935]LogModuleManager: Shutting down and abandoning module Settings (58)
[2018.08.23-20.09.36:928][935]LogModuleManager: Shutting down and abandoning module PhysXCooking (56)
[2018.08.23-20.09.36:928][935]LogModuleManager: Shutting down and abandoning module SteamVR (54)
[2018.08.23-20.09.36:928][935]LogModuleManager: Shutting down and abandoning module OculusHMD (52)
[2018.08.23-20.09.36:942][935]LogModuleManager: Shutting down and abandoning module ExampleDeviceProfileSelector (50)
[2018.08.23-20.09.36:942][935]LogModuleManager: Shutting down and abandoning module OnlineBlueprintSupport (48)
[2018.08.23-20.09.36:942][935]LogModuleManager: Shutting down and abandoning module OnlineSubsystem (44)
[2018.08.23-20.09.36:942][935]LogOnline: Display: Unloading online subsystem: NULL
[2018.08.23-20.09.36:970][935]LogModuleManager: Shutting down and abandoning module XMPP (43)
[2018.08.23-20.09.36:991][935]LogModuleManager: Shutting down and abandoning module HTTP (41)
[2018.08.23-20.09.36:991][935]LogHttp: Display: Http module shutting down, but needs to wait on 1 outstanding Http requests:
[2018.08.23-20.09.37:011][935]LogHttp: Display: 	verb=[POST] url=[https://datarouter.ol.epicgames.com/datarouter/api/v1/public/data?SessionID=%7B63B61452-4FA1-630A-0D2C-428B08AF5765%7D&AppID=UEEditor.Rocket.Release&AppVersion=4.17.2-3658906%2B%2B%2BUE4%2BRelease-4.17&UserID=fb7f76464556de70af3aaeae6d751b4e%7C762665864ad74430a48ba2d9f5ab1e21%7Caa49e9b0-d448-4945-9591-720909b9681f&AppEnvironment=datacollector-binary&UploadType=eteventstream] status=Processing
[2018.08.23-20.09.37:030][935]LogModuleManager: Shutting down and abandoning module SSL (40)
[2018.08.23-20.09.37:072][935]LogModuleManager: Shutting down and abandoning module AnimationModifiers (36)
[2018.08.23-20.09.37:110][935]LogModuleManager: Shutting down and abandoning module PropertyEditor (35)
[2018.08.23-20.09.37:110][935]LogModuleManager: Shutting down and abandoning module AudioEditor (32)
[2018.08.23-20.09.37:154][935]LogModuleManager: Shutting down and abandoning module TextureCompressor (30)
[2018.08.23-20.09.37:155][935]LogModuleManager: Shutting down and abandoning module ShaderCore (28)
[2018.08.23-20.09.37:155][935]LogModuleManager: Shutting down and abandoning module Landscape (26)
[2018.08.23-20.09.37:155][935]LogModuleManager: Shutting down and abandoning module SlateRHIRenderer (24)
[2018.08.23-20.09.37:177][935]LogModuleManager: Shutting down and abandoning module OpenGLDrv (22)
[2018.08.23-20.09.37:195][935]LogModuleManager: Shutting down and abandoning module D3D11RHI (20)
[2018.08.23-20.09.37:195][935]LogModuleManager: Shutting down and abandoning module AnimGraphRuntime (18)
[2018.08.23-20.09.37:209][935]LogModuleManager: Shutting down and abandoning module Renderer (16)
[2018.08.23-20.09.37:209][935]LogModuleManager: Shutting down and abandoning module Engine (14)
[2018.08.23-20.09.37:209][935]LogModuleManager: Shutting down and abandoning module CoreUObject (12)
[2018.08.23-20.09.37:209][935]LogModuleManager: Shutting down and abandoning module NetworkFile (10)
[2018.08.23-20.09.37:209][935]LogModuleManager: Shutting down and abandoning module CookedIterativeFile (8)
[2018.08.23-20.09.37:209][935]LogModuleManager: Shutting down and abandoning module StreamingFile (6)
[2018.08.23-20.09.37:209][935]LogModuleManager: Shutting down and abandoning module SandboxFile (4)
[2018.08.23-20.09.37:209][935]LogModuleManager: Shutting down and abandoning module PakFile (2)
[2018.08.23-20.09.37:270][935]LogExit: Exiting.
[2018.08.23-20.09.37:285][935]Log file closed, 08/24/18 02:09:37
